Warning: Cannot symlink from /home/kal5-2/rammbo/devel/.private/automated_driving_msgs/local_setup.sh to existing file /home/kal5-2/rammbo/devel/./local_setup.sh
Warning: Source hash: 7adab074aae62fc94e2b9526d1193eb4
Warning: Dest hash: 7f781bb141ca83ed4e78a5b51f28807c
Linked: (/home/kal5-2/rammbo/devel/.private/automated_driving_msgs/share/automated_driving_msgs/cmake/automated_driving_msgs-msg-paths.cmake, /home/kal5-2/rammbo/devel/share/automated_driving_msgs/cmake/automated_driving_msgs-msg-paths.cmake)
Linked: (/home/kal5-2/rammbo/devel/.private/automated_driving_msgs/share/automated_driving_msgs/cmake/automated_driving_msgs-msg-extras.cmake, /home/kal5-2/rammbo/devel/share/automated_driving_msgs/cmake/automated_driving_msgs-msg-extras.cmake)
Linked: (/home/kal5-2/rammbo/devel/.private/automated_driving_msgs/share/automated_driving_msgs/cmake/automated_driving_msgsConfig-version.cmake, /home/kal5-2/rammbo/devel/share/automated_driving_msgs/cmake/automated_driving_msgsConfig-version.cmake)
Linked: (/home/kal5-2/rammbo/devel/.private/automated_driving_msgs/share/automated_driving_msgs/cmake/automated_driving_msgsConfig.cmake, /home/kal5-2/rammbo/devel/share/automated_driving_msgs/cmake/automated_driving_msgsConfig.cmake)
Linked: (/home/kal5-2/rammbo/devel/.private/automated_driving_msgs/share/common-lisp/ros/automated_driving_msgs/msg/_package_Trajectory.lisp, /home/kal5-2/rammbo/devel/share/common-lisp/ros/automated_driving_msgs/msg/_package_Trajectory.lisp)
Linked: (/home/kal5-2/rammbo/devel/.private/automated_driving_msgs/share/common-lisp/ros/automated_driving_msgs/msg/_package_DeltaTrajectory.lisp, /home/kal5-2/rammbo/devel/share/common-lisp/ros/automated_driving_msgs/msg/_package_DeltaTrajectory.lisp)
Linked: (/home/kal5-2/rammbo/devel/.private/automated_driving_msgs/share/common-lisp/ros/automated_driving_msgs/msg/Trajectory.lisp, /home/kal5-2/rammbo/devel/share/common-lisp/ros/automated_driving_msgs/msg/Trajectory.lisp)
Linked: (/home/kal5-2/rammbo/devel/.private/automated_driving_msgs/share/common-lisp/ros/automated_driving_msgs/msg/_package_ObjectState.lisp, /home/kal5-2/rammbo/devel/share/common-lisp/ros/automated_driving_msgs/msg/_package_ObjectState.lisp)
Linked: (/home/kal5-2/rammbo/devel/.private/automated_driving_msgs/share/common-lisp/ros/automated_driving_msgs/msg/StampedFloat64.lisp, /home/kal5-2/rammbo/devel/share/common-lisp/ros/automated_driving_msgs/msg/StampedFloat64.lisp)
Linked: (/home/kal5-2/rammbo/devel/.private/automated_driving_msgs/share/common-lisp/ros/automated_driving_msgs/msg/ObjectStateArray.lisp, /home/kal5-2/rammbo/devel/share/common-lisp/ros/automated_driving_msgs/msg/ObjectStateArray.lisp)
Linked: (/home/kal5-2/rammbo/devel/.private/automated_driving_msgs/share/common-lisp/ros/automated_driving_msgs/msg/_package_ObjectStateArray.lisp, /home/kal5-2/rammbo/devel/share/common-lisp/ros/automated_driving_msgs/msg/_package_ObjectStateArray.lisp)
Linked: (/home/kal5-2/rammbo/devel/.private/automated_driving_msgs/share/common-lisp/ros/automated_driving_msgs/msg/_package_MotionState.lisp, /home/kal5-2/rammbo/devel/share/common-lisp/ros/automated_driving_msgs/msg/_package_MotionState.lisp)
Linked: (/home/kal5-2/rammbo/devel/.private/automated_driving_msgs/share/common-lisp/ros/automated_driving_msgs/msg/DeltaPoseWithDeltaTime.lisp, /home/kal5-2/rammbo/devel/share/common-lisp/ros/automated_driving_msgs/msg/DeltaPoseWithDeltaTime.lisp)
Linked: (/home/kal5-2/rammbo/devel/.private/automated_driving_msgs/share/common-lisp/ros/automated_driving_msgs/msg/MotionPrediction.lisp, /home/kal5-2/rammbo/devel/share/common-lisp/ros/automated_driving_msgs/msg/MotionPrediction.lisp)
Linked: (/home/kal5-2/rammbo/devel/.private/automated_driving_msgs/share/common-lisp/ros/automated_driving_msgs/msg/_package_DeltaPoseWithDeltaTime.lisp, /home/kal5-2/rammbo/devel/share/common-lisp/ros/automated_driving_msgs/msg/_package_DeltaPoseWithDeltaTime.lisp)
Linked: (/home/kal5-2/rammbo/devel/.private/automated_driving_msgs/share/common-lisp/ros/automated_driving_msgs/msg/ObjectClassification.lisp, /home/kal5-2/rammbo/devel/share/common-lisp/ros/automated_driving_msgs/msg/ObjectClassification.lisp)
Linked: (/home/kal5-2/rammbo/devel/.private/automated_driving_msgs/share/common-lisp/ros/automated_driving_msgs/msg/BasicSafetyMessage.lisp, /home/kal5-2/rammbo/devel/share/common-lisp/ros/automated_driving_msgs/msg/BasicSafetyMessage.lisp)
Linked: (/home/kal5-2/rammbo/devel/.private/automated_driving_msgs/share/common-lisp/ros/automated_driving_msgs/msg/AdditionalHeaderForCommunication.lisp, /home/kal5-2/rammbo/devel/share/common-lisp/ros/automated_driving_msgs/msg/AdditionalHeaderForCommunication.lisp)
Linked: (/home/kal5-2/rammbo/devel/.private/automated_driving_msgs/share/common-lisp/ros/automated_driving_msgs/msg/_package_ClassWithProbability.lisp, /home/kal5-2/rammbo/devel/share/common-lisp/ros/automated_driving_msgs/msg/_package_ClassWithProbability.lisp)
Linked: (/home/kal5-2/rammbo/devel/.private/automated_driving_msgs/share/common-lisp/ros/automated_driving_msgs/msg/automated_driving_msgs-msg.asd, /home/kal5-2/rammbo/devel/share/common-lisp/ros/automated_driving_msgs/msg/automated_driving_msgs-msg.asd)
Linked: (/home/kal5-2/rammbo/devel/.private/automated_driving_msgs/share/common-lisp/ros/automated_driving_msgs/msg/_package_BasicSafetyMessage.lisp, /home/kal5-2/rammbo/devel/share/common-lisp/ros/automated_driving_msgs/msg/_package_BasicSafetyMessage.lisp)
Linked: (/home/kal5-2/rammbo/devel/.private/automated_driving_msgs/share/common-lisp/ros/automated_driving_msgs/msg/ObjectState.lisp, /home/kal5-2/rammbo/devel/share/common-lisp/ros/automated_driving_msgs/msg/ObjectState.lisp)
Linked: (/home/kal5-2/rammbo/devel/.private/automated_driving_msgs/share/common-lisp/ros/automated_driving_msgs/msg/_package_ObjectClassification.lisp, /home/kal5-2/rammbo/devel/share/common-lisp/ros/automated_driving_msgs/msg/_package_ObjectClassification.lisp)
Linked: (/home/kal5-2/rammbo/devel/.private/automated_driving_msgs/share/common-lisp/ros/automated_driving_msgs/msg/_package_AdditionalHeaderForCommunication.lisp, /home/kal5-2/rammbo/devel/share/common-lisp/ros/automated_driving_msgs/msg/_package_AdditionalHeaderForCommunication.lisp)
Linked: (/home/kal5-2/rammbo/devel/.private/automated_driving_msgs/share/common-lisp/ros/automated_driving_msgs/msg/MotionState.lisp, /home/kal5-2/rammbo/devel/share/common-lisp/ros/automated_driving_msgs/msg/MotionState.lisp)
Linked: (/home/kal5-2/rammbo/devel/.private/automated_driving_msgs/share/common-lisp/ros/automated_driving_msgs/msg/_package_StampedFloat64.lisp, /home/kal5-2/rammbo/devel/share/common-lisp/ros/automated_driving_msgs/msg/_package_StampedFloat64.lisp)
Linked: (/home/kal5-2/rammbo/devel/.private/automated_driving_msgs/share/common-lisp/ros/automated_driving_msgs/msg/_package_MotionPrediction.lisp, /home/kal5-2/rammbo/devel/share/common-lisp/ros/automated_driving_msgs/msg/_package_MotionPrediction.lisp)
Linked: (/home/kal5-2/rammbo/devel/.private/automated_driving_msgs/share/common-lisp/ros/automated_driving_msgs/msg/_package.lisp, /home/kal5-2/rammbo/devel/share/common-lisp/ros/automated_driving_msgs/msg/_package.lisp)
Linked: (/home/kal5-2/rammbo/devel/.private/automated_driving_msgs/share/common-lisp/ros/automated_driving_msgs/msg/ClassWithProbability.lisp, /home/kal5-2/rammbo/devel/share/common-lisp/ros/automated_driving_msgs/msg/ClassWithProbability.lisp)
Linked: (/home/kal5-2/rammbo/devel/.private/automated_driving_msgs/share/common-lisp/ros/automated_driving_msgs/msg/DeltaTrajectory.lisp, /home/kal5-2/rammbo/devel/share/common-lisp/ros/automated_driving_msgs/msg/DeltaTrajectory.lisp)
Linked: (/home/kal5-2/rammbo/devel/.private/automated_driving_msgs/share/roseus/ros/automated_driving_msgs/manifest.l, /home/kal5-2/rammbo/devel/share/roseus/ros/automated_driving_msgs/manifest.l)
Linked: (/home/kal5-2/rammbo/devel/.private/automated_driving_msgs/share/roseus/ros/automated_driving_msgs/msg/ClassWithProbability.l, /home/kal5-2/rammbo/devel/share/roseus/ros/automated_driving_msgs/msg/ClassWithProbability.l)
Linked: (/home/kal5-2/rammbo/devel/.private/automated_driving_msgs/share/roseus/ros/automated_driving_msgs/msg/ObjectClassification.l, /home/kal5-2/rammbo/devel/share/roseus/ros/automated_driving_msgs/msg/ObjectClassification.l)
Linked: (/home/kal5-2/rammbo/devel/.private/automated_driving_msgs/share/roseus/ros/automated_driving_msgs/msg/ObjectStateArray.l, /home/kal5-2/rammbo/devel/share/roseus/ros/automated_driving_msgs/msg/ObjectStateArray.l)
Linked: (/home/kal5-2/rammbo/devel/.private/automated_driving_msgs/share/roseus/ros/automated_driving_msgs/msg/AdditionalHeaderForCommunication.l, /home/kal5-2/rammbo/devel/share/roseus/ros/automated_driving_msgs/msg/AdditionalHeaderForCommunication.l)
Linked: (/home/kal5-2/rammbo/devel/.private/automated_driving_msgs/share/roseus/ros/automated_driving_msgs/msg/MotionState.l, /home/kal5-2/rammbo/devel/share/roseus/ros/automated_driving_msgs/msg/MotionState.l)
Linked: (/home/kal5-2/rammbo/devel/.private/automated_driving_msgs/share/roseus/ros/automated_driving_msgs/msg/BasicSafetyMessage.l, /home/kal5-2/rammbo/devel/share/roseus/ros/automated_driving_msgs/msg/BasicSafetyMessage.l)
Linked: (/home/kal5-2/rammbo/devel/.private/automated_driving_msgs/share/roseus/ros/automated_driving_msgs/msg/DeltaPoseWithDeltaTime.l, /home/kal5-2/rammbo/devel/share/roseus/ros/automated_driving_msgs/msg/DeltaPoseWithDeltaTime.l)
Linked: (/home/kal5-2/rammbo/devel/.private/automated_driving_msgs/share/roseus/ros/automated_driving_msgs/msg/StampedFloat64.l, /home/kal5-2/rammbo/devel/share/roseus/ros/automated_driving_msgs/msg/StampedFloat64.l)
Linked: (/home/kal5-2/rammbo/devel/.private/automated_driving_msgs/share/roseus/ros/automated_driving_msgs/msg/ObjectState.l, /home/kal5-2/rammbo/devel/share/roseus/ros/automated_driving_msgs/msg/ObjectState.l)
Linked: (/home/kal5-2/rammbo/devel/.private/automated_driving_msgs/share/roseus/ros/automated_driving_msgs/msg/Trajectory.l, /home/kal5-2/rammbo/devel/share/roseus/ros/automated_driving_msgs/msg/Trajectory.l)
Linked: (/home/kal5-2/rammbo/devel/.private/automated_driving_msgs/share/roseus/ros/automated_driving_msgs/msg/DeltaTrajectory.l, /home/kal5-2/rammbo/devel/share/roseus/ros/automated_driving_msgs/msg/DeltaTrajectory.l)
Linked: (/home/kal5-2/rammbo/devel/.private/automated_driving_msgs/share/roseus/ros/automated_driving_msgs/msg/MotionPrediction.l, /home/kal5-2/rammbo/devel/share/roseus/ros/automated_driving_msgs/msg/MotionPrediction.l)
Linked: (/home/kal5-2/rammbo/devel/.private/automated_driving_msgs/share/gennodejs/ros/automated_driving_msgs/_index.js, /home/kal5-2/rammbo/devel/share/gennodejs/ros/automated_driving_msgs/_index.js)
Linked: (/home/kal5-2/rammbo/devel/.private/automated_driving_msgs/share/gennodejs/ros/automated_driving_msgs/msg/ObjectStateArray.js, /home/kal5-2/rammbo/devel/share/gennodejs/ros/automated_driving_msgs/msg/ObjectStateArray.js)
Linked: (/home/kal5-2/rammbo/devel/.private/automated_driving_msgs/share/gennodejs/ros/automated_driving_msgs/msg/DeltaPoseWithDeltaTime.js, /home/kal5-2/rammbo/devel/share/gennodejs/ros/automated_driving_msgs/msg/DeltaPoseWithDeltaTime.js)
Linked: (/home/kal5-2/rammbo/devel/.private/automated_driving_msgs/share/gennodejs/ros/automated_driving_msgs/msg/DeltaTrajectory.js, /home/kal5-2/rammbo/devel/share/gennodejs/ros/automated_driving_msgs/msg/DeltaTrajectory.js)
Linked: (/home/kal5-2/rammbo/devel/.private/automated_driving_msgs/share/gennodejs/ros/automated_driving_msgs/msg/StampedFloat64.js, /home/kal5-2/rammbo/devel/share/gennodejs/ros/automated_driving_msgs/msg/StampedFloat64.js)
Linked: (/home/kal5-2/rammbo/devel/.private/automated_driving_msgs/share/gennodejs/ros/automated_driving_msgs/msg/Trajectory.js, /home/kal5-2/rammbo/devel/share/gennodejs/ros/automated_driving_msgs/msg/Trajectory.js)
Linked: (/home/kal5-2/rammbo/devel/.private/automated_driving_msgs/share/gennodejs/ros/automated_driving_msgs/msg/MotionPrediction.js, /home/kal5-2/rammbo/devel/share/gennodejs/ros/automated_driving_msgs/msg/MotionPrediction.js)
Linked: (/home/kal5-2/rammbo/devel/.private/automated_driving_msgs/share/gennodejs/ros/automated_driving_msgs/msg/MotionState.js, /home/kal5-2/rammbo/devel/share/gennodejs/ros/automated_driving_msgs/msg/MotionState.js)
Linked: (/home/kal5-2/rammbo/devel/.private/automated_driving_msgs/share/gennodejs/ros/automated_driving_msgs/msg/_index.js, /home/kal5-2/rammbo/devel/share/gennodejs/ros/automated_driving_msgs/msg/_index.js)
Linked: (/home/kal5-2/rammbo/devel/.private/automated_driving_msgs/share/gennodejs/ros/automated_driving_msgs/msg/AdditionalHeaderForCommunication.js, /home/kal5-2/rammbo/devel/share/gennodejs/ros/automated_driving_msgs/msg/AdditionalHeaderForCommunication.js)
Linked: (/home/kal5-2/rammbo/devel/.private/automated_driving_msgs/share/gennodejs/ros/automated_driving_msgs/msg/ClassWithProbability.js, /home/kal5-2/rammbo/devel/share/gennodejs/ros/automated_driving_msgs/msg/ClassWithProbability.js)
Linked: (/home/kal5-2/rammbo/devel/.private/automated_driving_msgs/share/gennodejs/ros/automated_driving_msgs/msg/ObjectClassification.js, /home/kal5-2/rammbo/devel/share/gennodejs/ros/automated_driving_msgs/msg/ObjectClassification.js)
Linked: (/home/kal5-2/rammbo/devel/.private/automated_driving_msgs/share/gennodejs/ros/automated_driving_msgs/msg/BasicSafetyMessage.js, /home/kal5-2/rammbo/devel/share/gennodejs/ros/automated_driving_msgs/msg/BasicSafetyMessage.js)
Linked: (/home/kal5-2/rammbo/devel/.private/automated_driving_msgs/share/gennodejs/ros/automated_driving_msgs/msg/ObjectState.js, /home/kal5-2/rammbo/devel/share/gennodejs/ros/automated_driving_msgs/msg/ObjectState.js)
Linked: (/home/kal5-2/rammbo/devel/.private/automated_driving_msgs/include/automated_driving_msgs/ObjectStateArray.h, /home/kal5-2/rammbo/devel/include/automated_driving_msgs/ObjectStateArray.h)
Linked: (/home/kal5-2/rammbo/devel/.private/automated_driving_msgs/include/automated_driving_msgs/StampedFloat64.h, /home/kal5-2/rammbo/devel/include/automated_driving_msgs/StampedFloat64.h)
Linked: (/home/kal5-2/rammbo/devel/.private/automated_driving_msgs/include/automated_driving_msgs/ObjectClassification.h, /home/kal5-2/rammbo/devel/include/automated_driving_msgs/ObjectClassification.h)
Linked: (/home/kal5-2/rammbo/devel/.private/automated_driving_msgs/include/automated_driving_msgs/DeltaTrajectory.h, /home/kal5-2/rammbo/devel/include/automated_driving_msgs/DeltaTrajectory.h)
Linked: (/home/kal5-2/rammbo/devel/.private/automated_driving_msgs/include/automated_driving_msgs/ObjectState.h, /home/kal5-2/rammbo/devel/include/automated_driving_msgs/ObjectState.h)
Linked: (/home/kal5-2/rammbo/devel/.private/automated_driving_msgs/include/automated_driving_msgs/AdditionalHeaderForCommunication.h, /home/kal5-2/rammbo/devel/include/automated_driving_msgs/AdditionalHeaderForCommunication.h)
Linked: (/home/kal5-2/rammbo/devel/.private/automated_driving_msgs/include/automated_driving_msgs/MotionState.h, /home/kal5-2/rammbo/devel/include/automated_driving_msgs/MotionState.h)
Linked: (/home/kal5-2/rammbo/devel/.private/automated_driving_msgs/include/automated_driving_msgs/BasicSafetyMessage.h, /home/kal5-2/rammbo/devel/include/automated_driving_msgs/BasicSafetyMessage.h)
Linked: (/home/kal5-2/rammbo/devel/.private/automated_driving_msgs/include/automated_driving_msgs/DeltaPoseWithDeltaTime.h, /home/kal5-2/rammbo/devel/include/automated_driving_msgs/DeltaPoseWithDeltaTime.h)
Linked: (/home/kal5-2/rammbo/devel/.private/automated_driving_msgs/include/automated_driving_msgs/Trajectory.h, /home/kal5-2/rammbo/devel/include/automated_driving_msgs/Trajectory.h)
Linked: (/home/kal5-2/rammbo/devel/.private/automated_driving_msgs/include/automated_driving_msgs/MotionPrediction.h, /home/kal5-2/rammbo/devel/include/automated_driving_msgs/MotionPrediction.h)
Linked: (/home/kal5-2/rammbo/devel/.private/automated_driving_msgs/include/automated_driving_msgs/ClassWithProbability.h, /home/kal5-2/rammbo/devel/include/automated_driving_msgs/ClassWithProbability.h)
Linked: (/home/kal5-2/rammbo/devel/.private/automated_driving_msgs/lib/pkgconfig/automated_driving_msgs.pc, /home/kal5-2/rammbo/devel/lib/pkgconfig/automated_driving_msgs.pc)
Linked: (/home/kal5-2/rammbo/devel/.private/automated_driving_msgs/lib/python2.7/dist-packages/automated_driving_msgs/__init__.py, /home/kal5-2/rammbo/devel/lib/python2.7/dist-packages/automated_driving_msgs/__init__.py)
Linked: (/home/kal5-2/rammbo/devel/.private/automated_driving_msgs/lib/python2.7/dist-packages/automated_driving_msgs/msg/_Trajectory.py, /home/kal5-2/rammbo/devel/lib/python2.7/dist-packages/automated_driving_msgs/msg/_Trajectory.py)
Linked: (/home/kal5-2/rammbo/devel/.private/automated_driving_msgs/lib/python2.7/dist-packages/automated_driving_msgs/msg/_ObjectState.py, /home/kal5-2/rammbo/devel/lib/python2.7/dist-packages/automated_driving_msgs/msg/_ObjectState.py)
Linked: (/home/kal5-2/rammbo/devel/.private/automated_driving_msgs/lib/python2.7/dist-packages/automated_driving_msgs/msg/_DeltaTrajectory.py, /home/kal5-2/rammbo/devel/lib/python2.7/dist-packages/automated_driving_msgs/msg/_DeltaTrajectory.py)
Linked: (/home/kal5-2/rammbo/devel/.private/automated_driving_msgs/lib/python2.7/dist-packages/automated_driving_msgs/msg/_ObjectStateArray.py, /home/kal5-2/rammbo/devel/lib/python2.7/dist-packages/automated_driving_msgs/msg/_ObjectStateArray.py)
Linked: (/home/kal5-2/rammbo/devel/.private/automated_driving_msgs/lib/python2.7/dist-packages/automated_driving_msgs/msg/__init__.py, /home/kal5-2/rammbo/devel/lib/python2.7/dist-packages/automated_driving_msgs/msg/__init__.py)
Linked: (/home/kal5-2/rammbo/devel/.private/automated_driving_msgs/lib/python2.7/dist-packages/automated_driving_msgs/msg/_MotionState.py, /home/kal5-2/rammbo/devel/lib/python2.7/dist-packages/automated_driving_msgs/msg/_MotionState.py)
Linked: (/home/kal5-2/rammbo/devel/.private/automated_driving_msgs/lib/python2.7/dist-packages/automated_driving_msgs/msg/_ClassWithProbability.py, /home/kal5-2/rammbo/devel/lib/python2.7/dist-packages/automated_driving_msgs/msg/_ClassWithProbability.py)
Linked: (/home/kal5-2/rammbo/devel/.private/automated_driving_msgs/lib/python2.7/dist-packages/automated_driving_msgs/msg/_StampedFloat64.py, /home/kal5-2/rammbo/devel/lib/python2.7/dist-packages/automated_driving_msgs/msg/_StampedFloat64.py)
Linked: (/home/kal5-2/rammbo/devel/.private/automated_driving_msgs/lib/python2.7/dist-packages/automated_driving_msgs/msg/_ObjectClassification.py, /home/kal5-2/rammbo/devel/lib/python2.7/dist-packages/automated_driving_msgs/msg/_ObjectClassification.py)
Linked: (/home/kal5-2/rammbo/devel/.private/automated_driving_msgs/lib/python2.7/dist-packages/automated_driving_msgs/msg/_DeltaPoseWithDeltaTime.py, /home/kal5-2/rammbo/devel/lib/python2.7/dist-packages/automated_driving_msgs/msg/_DeltaPoseWithDeltaTime.py)
Linked: (/home/kal5-2/rammbo/devel/.private/automated_driving_msgs/lib/python2.7/dist-packages/automated_driving_msgs/msg/_BasicSafetyMessage.py, /home/kal5-2/rammbo/devel/lib/python2.7/dist-packages/automated_driving_msgs/msg/_BasicSafetyMessage.py)
Linked: (/home/kal5-2/rammbo/devel/.private/automated_driving_msgs/lib/python2.7/dist-packages/automated_driving_msgs/msg/_MotionPrediction.py, /home/kal5-2/rammbo/devel/lib/python2.7/dist-packages/automated_driving_msgs/msg/_MotionPrediction.py)
Linked: (/home/kal5-2/rammbo/devel/.private/automated_driving_msgs/lib/python2.7/dist-packages/automated_driving_msgs/msg/_AdditionalHeaderForCommunication.py, /home/kal5-2/rammbo/devel/lib/python2.7/dist-packages/automated_driving_msgs/msg/_AdditionalHeaderForCommunication.py)
