[  0%] Built target _automated_driving_msgs_generate_messages_check_deps_ObjectClassification
[  0%] Built target shape_msgs_generate_messages_eus
[  0%] Built target _automated_driving_msgs_generate_messages_check_deps_MotionPrediction
[  0%] Built target _automated_driving_msgs_generate_messages_check_deps_DeltaPoseWithDeltaTime
[  0%] Built target _automated_driving_msgs_generate_messages_check_deps_ClassWithProbability
[  0%] Built target _automated_driving_msgs_generate_messages_check_deps_StampedFloat64
[  0%] Built target std_msgs_generate_messages_eus
[  0%] Built target geometry_msgs_generate_messages_eus
[  0%] Built target _automated_driving_msgs_generate_messages_check_deps_MotionState
[  0%] Built target _automated_driving_msgs_generate_messages_check_deps_ObjectState
[  0%] Built target _automated_driving_msgs_generate_messages_check_deps_DeltaTrajectory
[  0%] Built target _automated_driving_msgs_generate_messages_check_deps_BasicSafetyMessage
[  0%] Built target _automated_driving_msgs_generate_messages_check_deps_ObjectStateArray
[  0%] Built target geometry_msgs_generate_messages_py
[  0%] Built target std_msgs_generate_messages_py
[  0%] Built target _automated_driving_msgs_generate_messages_check_deps_AdditionalHeaderForCommunication
[  0%] Built target _automated_driving_msgs_generate_messages_check_deps_Trajectory
[  0%] Built target shape_msgs_generate_messages_py
[  0%] Built target std_msgs_generate_messages_nodejs
[  0%] Built target geometry_msgs_generate_messages_nodejs
[  0%] Built target shape_msgs_generate_messages_nodejs
[  0%] Built target std_msgs_generate_messages_lisp
[  0%] Built target geometry_msgs_generate_messages_lisp
[  0%] Built target shape_msgs_generate_messages_cpp
[  0%] Built target shape_msgs_generate_messages_lisp
[  0%] Built target geometry_msgs_generate_messages_cpp
[  0%] Built target std_msgs_generate_messages_cpp
[ 24%] Built target automated_driving_msgs_generate_messages_py
[ 41%] Built target automated_driving_msgs_generate_messages_eus
[ 80%] Built target automated_driving_msgs_generate_messages_nodejs
[ 80%] Built target automated_driving_msgs_generate_messages_lisp
[100%] Built target automated_driving_msgs_generate_messages_cpp
[100%] Built target automated_driving_msgs_generate_messages
