Warning: Cannot symlink from /home/kal5-2/rammbo/devel/.private/automated_driving_msgs/local_setup.sh to existing file /home/kal5-2/rammbo/devel/./local_setup.sh
Warning: Source hash: 7adab074aae62fc94e2b9526d1193eb4
Warning: Dest hash: 7f781bb141ca83ed4e78a5b51f28807c
Symlinking /home/kal5-2/rammbo/devel/share/automated_driving_msgs/cmake/automated_driving_msgs-msg-paths.cmake
Symlinking /home/kal5-2/rammbo/devel/share/automated_driving_msgs/cmake/automated_driving_msgs-msg-extras.cmake
Symlinking /home/kal5-2/rammbo/devel/share/automated_driving_msgs/cmake/automated_driving_msgsConfig-version.cmake
Symlinking /home/kal5-2/rammbo/devel/share/automated_driving_msgs/cmake/automated_driving_msgsConfig.cmake
Symlinking /home/kal5-2/rammbo/devel/share/common-lisp/ros/automated_driving_msgs/msg/_package_Trajectory.lisp
Symlinking /home/kal5-2/rammbo/devel/share/common-lisp/ros/automated_driving_msgs/msg/_package_DeltaTrajectory.lisp
Symlinking /home/kal5-2/rammbo/devel/share/common-lisp/ros/automated_driving_msgs/msg/Trajectory.lisp
Symlinking /home/kal5-2/rammbo/devel/share/common-lisp/ros/automated_driving_msgs/msg/_package_ObjectState.lisp
Symlinking /home/kal5-2/rammbo/devel/share/common-lisp/ros/automated_driving_msgs/msg/StampedFloat64.lisp
Symlinking /home/kal5-2/rammbo/devel/share/common-lisp/ros/automated_driving_msgs/msg/ObjectStateArray.lisp
Symlinking /home/kal5-2/rammbo/devel/share/common-lisp/ros/automated_driving_msgs/msg/_package_ObjectStateArray.lisp
Symlinking /home/kal5-2/rammbo/devel/share/common-lisp/ros/automated_driving_msgs/msg/_package_MotionState.lisp
Symlinking /home/kal5-2/rammbo/devel/share/common-lisp/ros/automated_driving_msgs/msg/DeltaPoseWithDeltaTime.lisp
Symlinking /home/kal5-2/rammbo/devel/share/common-lisp/ros/automated_driving_msgs/msg/MotionPrediction.lisp
Symlinking /home/kal5-2/rammbo/devel/share/common-lisp/ros/automated_driving_msgs/msg/_package_DeltaPoseWithDeltaTime.lisp
Symlinking /home/kal5-2/rammbo/devel/share/common-lisp/ros/automated_driving_msgs/msg/ObjectClassification.lisp
Symlinking /home/kal5-2/rammbo/devel/share/common-lisp/ros/automated_driving_msgs/msg/BasicSafetyMessage.lisp
Symlinking /home/kal5-2/rammbo/devel/share/common-lisp/ros/automated_driving_msgs/msg/AdditionalHeaderForCommunication.lisp
Symlinking /home/kal5-2/rammbo/devel/share/common-lisp/ros/automated_driving_msgs/msg/_package_ClassWithProbability.lisp
Symlinking /home/kal5-2/rammbo/devel/share/common-lisp/ros/automated_driving_msgs/msg/automated_driving_msgs-msg.asd
Symlinking /home/kal5-2/rammbo/devel/share/common-lisp/ros/automated_driving_msgs/msg/_package_BasicSafetyMessage.lisp
Symlinking /home/kal5-2/rammbo/devel/share/common-lisp/ros/automated_driving_msgs/msg/ObjectState.lisp
Symlinking /home/kal5-2/rammbo/devel/share/common-lisp/ros/automated_driving_msgs/msg/_package_ObjectClassification.lisp
Symlinking /home/kal5-2/rammbo/devel/share/common-lisp/ros/automated_driving_msgs/msg/_package_AdditionalHeaderForCommunication.lisp
Symlinking /home/kal5-2/rammbo/devel/share/common-lisp/ros/automated_driving_msgs/msg/MotionState.lisp
Symlinking /home/kal5-2/rammbo/devel/share/common-lisp/ros/automated_driving_msgs/msg/_package_StampedFloat64.lisp
Symlinking /home/kal5-2/rammbo/devel/share/common-lisp/ros/automated_driving_msgs/msg/_package_MotionPrediction.lisp
Symlinking /home/kal5-2/rammbo/devel/share/common-lisp/ros/automated_driving_msgs/msg/_package.lisp
Symlinking /home/kal5-2/rammbo/devel/share/common-lisp/ros/automated_driving_msgs/msg/ClassWithProbability.lisp
Symlinking /home/kal5-2/rammbo/devel/share/common-lisp/ros/automated_driving_msgs/msg/DeltaTrajectory.lisp
Symlinking /home/kal5-2/rammbo/devel/share/roseus/ros/automated_driving_msgs/manifest.l
Symlinking /home/kal5-2/rammbo/devel/share/roseus/ros/automated_driving_msgs/msg/ClassWithProbability.l
Symlinking /home/kal5-2/rammbo/devel/share/roseus/ros/automated_driving_msgs/msg/ObjectClassification.l
Symlinking /home/kal5-2/rammbo/devel/share/roseus/ros/automated_driving_msgs/msg/ObjectStateArray.l
Symlinking /home/kal5-2/rammbo/devel/share/roseus/ros/automated_driving_msgs/msg/AdditionalHeaderForCommunication.l
Symlinking /home/kal5-2/rammbo/devel/share/roseus/ros/automated_driving_msgs/msg/MotionState.l
Symlinking /home/kal5-2/rammbo/devel/share/roseus/ros/automated_driving_msgs/msg/BasicSafetyMessage.l
Symlinking /home/kal5-2/rammbo/devel/share/roseus/ros/automated_driving_msgs/msg/DeltaPoseWithDeltaTime.l
Symlinking /home/kal5-2/rammbo/devel/share/roseus/ros/automated_driving_msgs/msg/StampedFloat64.l
Symlinking /home/kal5-2/rammbo/devel/share/roseus/ros/automated_driving_msgs/msg/ObjectState.l
Symlinking /home/kal5-2/rammbo/devel/share/roseus/ros/automated_driving_msgs/msg/Trajectory.l
Symlinking /home/kal5-2/rammbo/devel/share/roseus/ros/automated_driving_msgs/msg/DeltaTrajectory.l
Symlinking /home/kal5-2/rammbo/devel/share/roseus/ros/automated_driving_msgs/msg/MotionPrediction.l
Symlinking /home/kal5-2/rammbo/devel/share/gennodejs/ros/automated_driving_msgs/_index.js
Symlinking /home/kal5-2/rammbo/devel/share/gennodejs/ros/automated_driving_msgs/msg/ObjectStateArray.js
Symlinking /home/kal5-2/rammbo/devel/share/gennodejs/ros/automated_driving_msgs/msg/DeltaPoseWithDeltaTime.js
Symlinking /home/kal5-2/rammbo/devel/share/gennodejs/ros/automated_driving_msgs/msg/DeltaTrajectory.js
Symlinking /home/kal5-2/rammbo/devel/share/gennodejs/ros/automated_driving_msgs/msg/StampedFloat64.js
Symlinking /home/kal5-2/rammbo/devel/share/gennodejs/ros/automated_driving_msgs/msg/Trajectory.js
Symlinking /home/kal5-2/rammbo/devel/share/gennodejs/ros/automated_driving_msgs/msg/MotionPrediction.js
Symlinking /home/kal5-2/rammbo/devel/share/gennodejs/ros/automated_driving_msgs/msg/MotionState.js
Symlinking /home/kal5-2/rammbo/devel/share/gennodejs/ros/automated_driving_msgs/msg/_index.js
Symlinking /home/kal5-2/rammbo/devel/share/gennodejs/ros/automated_driving_msgs/msg/AdditionalHeaderForCommunication.js
Symlinking /home/kal5-2/rammbo/devel/share/gennodejs/ros/automated_driving_msgs/msg/ClassWithProbability.js
Symlinking /home/kal5-2/rammbo/devel/share/gennodejs/ros/automated_driving_msgs/msg/ObjectClassification.js
Symlinking /home/kal5-2/rammbo/devel/share/gennodejs/ros/automated_driving_msgs/msg/BasicSafetyMessage.js
Symlinking /home/kal5-2/rammbo/devel/share/gennodejs/ros/automated_driving_msgs/msg/ObjectState.js
Symlinking /home/kal5-2/rammbo/devel/include/automated_driving_msgs/ObjectStateArray.h
Symlinking /home/kal5-2/rammbo/devel/include/automated_driving_msgs/StampedFloat64.h
Symlinking /home/kal5-2/rammbo/devel/include/automated_driving_msgs/ObjectClassification.h
Symlinking /home/kal5-2/rammbo/devel/include/automated_driving_msgs/DeltaTrajectory.h
Symlinking /home/kal5-2/rammbo/devel/include/automated_driving_msgs/ObjectState.h
Symlinking /home/kal5-2/rammbo/devel/include/automated_driving_msgs/AdditionalHeaderForCommunication.h
Symlinking /home/kal5-2/rammbo/devel/include/automated_driving_msgs/MotionState.h
Symlinking /home/kal5-2/rammbo/devel/include/automated_driving_msgs/BasicSafetyMessage.h
Symlinking /home/kal5-2/rammbo/devel/include/automated_driving_msgs/DeltaPoseWithDeltaTime.h
Symlinking /home/kal5-2/rammbo/devel/include/automated_driving_msgs/Trajectory.h
Symlinking /home/kal5-2/rammbo/devel/include/automated_driving_msgs/MotionPrediction.h
Symlinking /home/kal5-2/rammbo/devel/include/automated_driving_msgs/ClassWithProbability.h
Symlinking /home/kal5-2/rammbo/devel/lib/pkgconfig/automated_driving_msgs.pc
Symlinking /home/kal5-2/rammbo/devel/lib/python2.7/dist-packages/automated_driving_msgs/__init__.py
Symlinking /home/kal5-2/rammbo/devel/lib/python2.7/dist-packages/automated_driving_msgs/msg/_Trajectory.py
Symlinking /home/kal5-2/rammbo/devel/lib/python2.7/dist-packages/automated_driving_msgs/msg/_ObjectState.py
Symlinking /home/kal5-2/rammbo/devel/lib/python2.7/dist-packages/automated_driving_msgs/msg/_DeltaTrajectory.py
Symlinking /home/kal5-2/rammbo/devel/lib/python2.7/dist-packages/automated_driving_msgs/msg/_ObjectStateArray.py
Symlinking /home/kal5-2/rammbo/devel/lib/python2.7/dist-packages/automated_driving_msgs/msg/__init__.py
Symlinking /home/kal5-2/rammbo/devel/lib/python2.7/dist-packages/automated_driving_msgs/msg/_MotionState.py
Symlinking /home/kal5-2/rammbo/devel/lib/python2.7/dist-packages/automated_driving_msgs/msg/_ClassWithProbability.py
Symlinking /home/kal5-2/rammbo/devel/lib/python2.7/dist-packages/automated_driving_msgs/msg/_StampedFloat64.py
Symlinking /home/kal5-2/rammbo/devel/lib/python2.7/dist-packages/automated_driving_msgs/msg/_ObjectClassification.py
Symlinking /home/kal5-2/rammbo/devel/lib/python2.7/dist-packages/automated_driving_msgs/msg/_DeltaPoseWithDeltaTime.py
Symlinking /home/kal5-2/rammbo/devel/lib/python2.7/dist-packages/automated_driving_msgs/msg/_BasicSafetyMessage.py
Symlinking /home/kal5-2/rammbo/devel/lib/python2.7/dist-packages/automated_driving_msgs/msg/_MotionPrediction.py
Symlinking /home/kal5-2/rammbo/devel/lib/python2.7/dist-packages/automated_driving_msgs/msg/_AdditionalHeaderForCommunication.py
