[35m[1mScanning dependencies of target _automated_driving_msgs_generate_messages_check_deps_ObjectClassification[0m
[35m[1mScanning dependencies of target _automated_driving_msgs_generate_messages_check_deps_MotionPrediction[0m
[35m[1mScanning dependencies of target shape_msgs_generate_messages_eus[0m
[  0%] Built target shape_msgs_generate_messages_eus
[35m[1mScanning dependencies of target _automated_driving_msgs_generate_messages_check_deps_DeltaPoseWithDeltaTime[0m
[  0%] Built target _automated_driving_msgs_generate_messages_check_deps_ObjectClassification
[  0%] Built target _automated_driving_msgs_generate_messages_check_deps_MotionPrediction
[35m[1mScanning dependencies of target _automated_driving_msgs_generate_messages_check_deps_ClassWithProbability[0m
[  0%] Built target _automated_driving_msgs_generate_messages_check_deps_DeltaPoseWithDeltaTime
[35m[1mScanning dependencies of target _automated_driving_msgs_generate_messages_check_deps_StampedFloat64[0m
[35m[1mScanning dependencies of target std_msgs_generate_messages_eus[0m
[  0%] Built target _automated_driving_msgs_generate_messages_check_deps_ClassWithProbability
[  0%] Built target std_msgs_generate_messages_eus
[35m[1mScanning dependencies of target geometry_msgs_generate_messages_eus[0m
[35m[1mScanning dependencies of target _automated_driving_msgs_generate_messages_check_deps_MotionState[0m
[  0%] Built target geometry_msgs_generate_messages_eus
[  0%] Built target _automated_driving_msgs_generate_messages_check_deps_StampedFloat64
[  0%] Built target _automated_driving_msgs_generate_messages_check_deps_MotionState
[35m[1mScanning dependencies of target _automated_driving_msgs_generate_messages_check_deps_ObjectState[0m
[  0%] Built target _automated_driving_msgs_generate_messages_check_deps_ObjectState
[35m[1mScanning dependencies of target _automated_driving_msgs_generate_messages_check_deps_DeltaTrajectory[0m
[  0%] Built target _automated_driving_msgs_generate_messages_check_deps_DeltaTrajectory
[35m[1mScanning dependencies of target _automated_driving_msgs_generate_messages_check_deps_BasicSafetyMessage[0m
[  0%] Built target _automated_driving_msgs_generate_messages_check_deps_BasicSafetyMessage
[35m[1mScanning dependencies of target _automated_driving_msgs_generate_messages_check_deps_ObjectStateArray[0m
[  0%] Built target _automated_driving_msgs_generate_messages_check_deps_ObjectStateArray
[35m[1mScanning dependencies of target _automated_driving_msgs_generate_messages_check_deps_AdditionalHeaderForCommunication[0m
[  0%] Built target _automated_driving_msgs_generate_messages_check_deps_AdditionalHeaderForCommunication
[35m[1mScanning dependencies of target _automated_driving_msgs_generate_messages_check_deps_Trajectory[0m
[  0%] Built target _automated_driving_msgs_generate_messages_check_deps_Trajectory
[35m[1mScanning dependencies of target geometry_msgs_generate_messages_py[0m
[  0%] Built target geometry_msgs_generate_messages_py
[35m[1mScanning dependencies of target std_msgs_generate_messages_py[0m
[  0%] Built target std_msgs_generate_messages_py
[35m[1mScanning dependencies of target shape_msgs_generate_messages_py[0m
[  0%] Built target shape_msgs_generate_messages_py
[35m[1mScanning dependencies of target std_msgs_generate_messages_nodejs[0m
[  0%] Built target std_msgs_generate_messages_nodejs
[35m[1mScanning dependencies of target geometry_msgs_generate_messages_nodejs[0m
[  0%] Built target geometry_msgs_generate_messages_nodejs
[35m[1mScanning dependencies of target shape_msgs_generate_messages_nodejs[0m
[  0%] Built target shape_msgs_generate_messages_nodejs
[35m[1mScanning dependencies of target std_msgs_generate_messages_lisp[0m
[  0%] Built target std_msgs_generate_messages_lisp
[35m[1mScanning dependencies of target geometry_msgs_generate_messages_lisp[0m
[  0%] Built target geometry_msgs_generate_messages_lisp
[35m[1mScanning dependencies of target shape_msgs_generate_messages_lisp[0m
[  0%] Built target shape_msgs_generate_messages_lisp
[35m[1mScanning dependencies of target shape_msgs_generate_messages_cpp[0m
[  0%] Built target shape_msgs_generate_messages_cpp
[35m[1mScanning dependencies of target std_msgs_generate_messages_cpp[0m
[  0%] Built target std_msgs_generate_messages_cpp
[35m[1mScanning dependencies of target geometry_msgs_generate_messages_cpp[0m
[  0%] Built target geometry_msgs_generate_messages_cpp
[35m[1mScanning dependencies of target automated_driving_msgs_generate_messages_eus[0m
[  1%] [34m[1mGenerating EusLisp code from automated_driving_msgs/DeltaTrajectory.msg[0m
[  3%] [34m[1mGenerating EusLisp code from automated_driving_msgs/MotionPrediction.msg[0m
[  4%] [34m[1mGenerating EusLisp code from automated_driving_msgs/DeltaPoseWithDeltaTime.msg[0m
[  6%] [34m[1mGenerating EusLisp code from automated_driving_msgs/BasicSafetyMessage.msg[0m
[  8%] [34m[1mGenerating EusLisp code from automated_driving_msgs/ClassWithProbability.msg[0m
[  9%] [34m[1mGenerating EusLisp code from automated_driving_msgs/ObjectState.msg[0m
[ 11%] [34m[1mGenerating EusLisp code from automated_driving_msgs/MotionState.msg[0m
[ 12%] [34m[1mGenerating EusLisp code from automated_driving_msgs/StampedFloat64.msg[0m
[ 14%] [34m[1mGenerating EusLisp code from automated_driving_msgs/ObjectStateArray.msg[0m
[35m[1mScanning dependencies of target automated_driving_msgs_generate_messages_py[0m
[ 17%] [34m[1mGenerating Python from MSG automated_driving_msgs/MotionPrediction[0m
[ 17%] [34m[1mGenerating Python from MSG automated_driving_msgs/DeltaTrajectory[0m
[35m[1mScanning dependencies of target automated_driving_msgs_generate_messages_nodejs[0m
[ 19%] [34m[1mGenerating EusLisp code from automated_driving_msgs/ObjectClassification.msg[0m
[ 20%] [34m[1mGenerating Javascript code from automated_driving_msgs/DeltaTrajectory.msg[0m
[ 24%] [34m[1mGenerating Python from MSG automated_driving_msgs/DeltaPoseWithDeltaTime[0m
[ 24%] [34m[1mGenerating Python from MSG automated_driving_msgs/BasicSafetyMessage[0m
[ 25%] [34m[1mGenerating Javascript code from automated_driving_msgs/MotionPrediction.msg[0m
[ 27%] [34m[1mGenerating EusLisp code from automated_driving_msgs/Trajectory.msg[0m
[ 29%] [34m[1mGenerating Javascript code from automated_driving_msgs/DeltaPoseWithDeltaTime.msg[0m
[ 30%] [34m[1mGenerating Javascript code from automated_driving_msgs/BasicSafetyMessage.msg[0m
[ 32%] [34m[1mGenerating Python from MSG automated_driving_msgs/ClassWithProbability[0m
[ 33%] [34m[1mGenerating Python from MSG automated_driving_msgs/ObjectState[0m
[ 35%] [34m[1mGenerating Javascript code from automated_driving_msgs/ClassWithProbability.msg[0m
[ 37%] [34m[1mGenerating EusLisp code from automated_driving_msgs/AdditionalHeaderForCommunication.msg[0m
[ 38%] [34m[1mGenerating EusLisp manifest code for automated_driving_msgs[0m
[ 40%] [34m[1mGenerating Javascript code from automated_driving_msgs/ObjectState.msg[0m
[ 41%] [34m[1mGenerating Javascript code from automated_driving_msgs/MotionState.msg[0m
[ 43%] [34m[1mGenerating Python from MSG automated_driving_msgs/MotionState[0m
[ 45%] [34m[1mGenerating Python from MSG automated_driving_msgs/StampedFloat64[0m
[ 46%] [34m[1mGenerating Javascript code from automated_driving_msgs/StampedFloat64.msg[0m
[ 48%] [34m[1mGenerating Javascript code from automated_driving_msgs/ObjectStateArray.msg[0m
[ 50%] [34m[1mGenerating Python from MSG automated_driving_msgs/ObjectStateArray[0m
[ 51%] [34m[1mGenerating Python from MSG automated_driving_msgs/ObjectClassification[0m
[ 53%] [34m[1mGenerating Javascript code from automated_driving_msgs/ObjectClassification.msg[0m
[ 54%] [34m[1mGenerating Javascript code from automated_driving_msgs/Trajectory.msg[0m
[ 56%] [34m[1mGenerating Python from MSG automated_driving_msgs/Trajectory[0m
[35m[1mScanning dependencies of target automated_driving_msgs_generate_messages_lisp[0m
[ 58%] [34m[1mGenerating Lisp code from automated_driving_msgs/DeltaTrajectory.msg[0m
[ 59%] [34m[1mGenerating Javascript code from automated_driving_msgs/AdditionalHeaderForCommunication.msg[0m
[ 61%] [34m[1mGenerating Python from MSG automated_driving_msgs/AdditionalHeaderForCommunication[0m
[ 62%] [34m[1mGenerating Lisp code from automated_driving_msgs/MotionPrediction.msg[0m
[ 62%] Built target automated_driving_msgs_generate_messages_nodejs
[35m[1mScanning dependencies of target automated_driving_msgs_generate_messages_cpp[0m
[ 64%] [34m[1mGenerating C++ code from automated_driving_msgs/DeltaTrajectory.msg[0m
[ 66%] [34m[1mGenerating Lisp code from automated_driving_msgs/DeltaPoseWithDeltaTime.msg[0m
[ 67%] [34m[1mGenerating Python msg __init__.py for automated_driving_msgs[0m
[ 69%] [34m[1mGenerating Lisp code from automated_driving_msgs/BasicSafetyMessage.msg[0m
[ 70%] [34m[1mGenerating C++ code from automated_driving_msgs/MotionPrediction.msg[0m
[ 72%] [34m[1mGenerating Lisp code from automated_driving_msgs/ClassWithProbability.msg[0m
[ 72%] Built target automated_driving_msgs_generate_messages_py
[ 74%] [34m[1mGenerating Lisp code from automated_driving_msgs/ObjectState.msg[0m
[ 75%] [34m[1mGenerating Lisp code from automated_driving_msgs/MotionState.msg[0m
[ 77%] [34m[1mGenerating Lisp code from automated_driving_msgs/StampedFloat64.msg[0m
[ 79%] [34m[1mGenerating C++ code from automated_driving_msgs/DeltaPoseWithDeltaTime.msg[0m
[ 80%] [34m[1mGenerating C++ code from automated_driving_msgs/BasicSafetyMessage.msg[0m
[ 82%] [34m[1mGenerating Lisp code from automated_driving_msgs/ObjectStateArray.msg[0m
[ 83%] [34m[1mGenerating Lisp code from automated_driving_msgs/ObjectClassification.msg[0m
[ 85%] [34m[1mGenerating Lisp code from automated_driving_msgs/Trajectory.msg[0m
[ 87%] [34m[1mGenerating C++ code from automated_driving_msgs/ClassWithProbability.msg[0m
[ 88%] [34m[1mGenerating C++ code from automated_driving_msgs/ObjectState.msg[0m
[ 90%] [34m[1mGenerating Lisp code from automated_driving_msgs/AdditionalHeaderForCommunication.msg[0m
[ 90%] Built target automated_driving_msgs_generate_messages_lisp
[ 91%] [34m[1mGenerating C++ code from automated_driving_msgs/MotionState.msg[0m
[ 93%] [34m[1mGenerating C++ code from automated_driving_msgs/StampedFloat64.msg[0m
[ 95%] [34m[1mGenerating C++ code from automated_driving_msgs/ObjectStateArray.msg[0m
[ 96%] [34m[1mGenerating C++ code from automated_driving_msgs/ObjectClassification.msg[0m
[ 98%] [34m[1mGenerating C++ code from automated_driving_msgs/Trajectory.msg[0m
[100%] [34m[1mGenerating C++ code from automated_driving_msgs/AdditionalHeaderForCommunication.msg[0m
[100%] Built target automated_driving_msgs_generate_messages_cpp
[100%] Built target automated_driving_msgs_generate_messages_eus
[35m[1mScanning dependencies of target automated_driving_msgs_generate_messages[0m
[100%] Built target automated_driving_msgs_generate_messages
