[  0%] Built target bond_generate_messages_eus
[  0%] Built target tf_generate_messages_lisp
[  0%] Built target tf_generate_messages_nodejs
[ 10%] Built target obstacle_detection_ros_tool_geninterface
[ 10%] Built target geometry_msgs_generate_messages_eus
[ 10%] Built target topic_tools_generate_messages_lisp
[ 30%] Built target gtest
[ 30%] Built target topic_tools_generate_messages_nodejs
[ 30%] Built target geometry_msgs_generate_messages_lisp
[ 30%] Built target roscpp_generate_messages_cpp
[ 30%] Built target sensor_msgs_generate_messages_nodejs
[ 30%] Built target pcl_msgs_generate_messages_eus
[ 30%] Built target actionlib_generate_messages_cpp
[ 30%] Built target sensor_msgs_generate_messages_lisp
[ 30%] Built target std_srvs_generate_messages_eus
[ 30%] Built target roscpp_generate_messages_lisp
[ 30%] Built target pcl_msgs_generate_messages_cpp
[ 30%] Built target nodelet_generate_messages_nodejs
[ 30%] Built target std_msgs_generate_messages_py
[ 30%] Built target dynamic_reconfigure_generate_messages_lisp
[ 30%] Built target tf_generate_messages_py
[ 30%] Built target rosgraph_msgs_generate_messages_cpp
[ 30%] Built target pcl_msgs_generate_messages_nodejs
[ 30%] Built target dynamic_reconfigure_generate_messages_cpp
[ 30%] Built target topic_tools_generate_messages_eus
[ 30%] Built target std_msgs_generate_messages_eus
[ 30%] Built target topic_tools_generate_messages_cpp
[ 30%] Built target std_msgs_generate_messages_cpp
[ 30%] Built target sensor_msgs_generate_messages_py
[ 30%] Built target geometry_msgs_generate_messages_nodejs
[ 30%] Built target sensor_msgs_generate_messages_eus
[ 30%] Built target nodelet_generate_messages_py
[ 30%] Built target geometry_msgs_generate_messages_py
[ 30%] Built target dynamic_reconfigure_generate_messages_py
[ 30%] Built target dynamic_reconfigure_generate_messages_nodejs
[ 30%] Built target roscpp_generate_messages_nodejs
[ 30%] Built target sensor_msgs_generate_messages_cpp
[ 30%] Built target std_msgs_generate_messages_lisp
[ 30%] Built target dynamic_reconfigure_generate_messages_eus
[ 30%] Built target std_msgs_generate_messages_nodejs
[ 30%] Built target bond_generate_messages_lisp
[ 30%] Built target roscpp_generate_messages_py
[ 30%] Built target rosgraph_msgs_generate_messages_eus
[ 30%] Built target rosgraph_msgs_generate_messages_lisp
[ 30%] Built target rosgraph_msgs_generate_messages_nodejs
[ 30%] Built target nodelet_generate_messages_cpp
[ 50%] Built target obstacle_detection_ros_tool_gencfg
[ 50%] Built target bond_generate_messages_py
[ 50%] Built target geometry_msgs_generate_messages_cpp
[ 50%] Built target actionlib_generate_messages_lisp
[ 50%] Built target std_srvs_generate_messages_nodejs
[ 50%] Built target rosinterface_handler_geninterface
[ 50%] Built target nodelet_generate_messages_eus
[ 50%] Built target rosinterface_handler_gencfg
[ 50%] Built target nodelet_generate_messages_lisp
[ 50%] Built target roscpp_generate_messages_eus
[ 50%] Built target rosgraph_msgs_generate_messages_py
[ 50%] Built target actionlib_msgs_generate_messages_eus
[ 50%] Built target bond_generate_messages_cpp
[ 50%] Built target bond_generate_messages_nodejs
[ 50%] Built target pcl_msgs_generate_messages_py
[ 50%] Built target tf_generate_messages_cpp
[ 50%] Built target actionlib_generate_messages_eus
[ 50%] Built target pcl_msgs_generate_messages_lisp
[ 50%] Built target actionlib_generate_messages_nodejs
[ 50%] Built target pcl_ros_gencfg
[ 50%] Built target actionlib_msgs_generate_messages_cpp
[ 50%] Built target tf_generate_messages_eus
[ 50%] Built target std_srvs_generate_messages_cpp
[ 50%] Built target tf2_msgs_generate_messages_cpp
[ 50%] Built target actionlib_msgs_generate_messages_lisp
[ 50%] Built target dynamic_reconfigure_gencfg
[ 50%] Built target tf2_msgs_generate_messages_eus
[ 50%] Built target actionlib_msgs_generate_messages_py
[ 50%] Built target tf2_msgs_generate_messages_lisp
[ 50%] Built target tf2_msgs_generate_messages_py
[ 50%] Built target actionlib_msgs_generate_messages_nodejs
[ 50%] Built target actionlib_generate_messages_py
[ 50%] Built target nodelet_topic_tools_gencfg
[ 50%] Built target topic_tools_generate_messages_py
[ 50%] Built target tf2_msgs_generate_messages_nodejs
[ 50%] Built target std_srvs_generate_messages_lisp
[ 50%] Built target std_srvs_generate_messages_py
[35m[1mScanning dependencies of target obstacle_detection_ros_tool-obstacle_detection-nodelet[0m
[ 60%] [32mBuilding CXX object CMakeFiles/obstacle_detection_ros_tool-obstacle_detection-nodelet.dir/src/obstacle_detection/obstacle_detection.cpp.o[0m
[01m[K/home/kal5-2/rammbo/src/obstacle_detection_ros_tool/src/obstacle_detection/obstacle_detection.cpp:[m[K In member function ‘[01m[Kvoid obstacle_detection_ros_tool::ObstacleDetection::mapImport(const Ptr&, nav_msgs::OccupancyGrid&)[m[K’:
[01m[K/home/kal5-2/rammbo/src/obstacle_detection_ros_tool/src/obstacle_detection/obstacle_detection.cpp:378:27:[m[K [01;35m[Kwarning: [m[Kcomparison between signed and unsigned integer expressions [[01;35m[K-Wsign-compare[m[K]
         for (int i = 0; [01;35m[Ki < input->size()[m[K; ++i) {
                         [01;35m[K~~^~~~~~~~~~~~~~~[m[K
[01m[K/home/kal5-2/rammbo/src/obstacle_detection_ros_tool/src/obstacle_detection/obstacle_detection.cpp:376:13:[m[K [01;35m[Kwarning: [m[Kunused variable ‘[01m[Kzaehler[m[K’ [[01;35m[K-Wunused-variable[m[K]
         int [01;35m[Kzaehler[m[K = 0;
             [01;35m[K^~~~~~~[m[K
[01m[K/home/kal5-2/rammbo/src/obstacle_detection_ros_tool/src/obstacle_detection/obstacle_detection.cpp:[m[K In member function ‘[01m[Kvoid obstacle_detection_ros_tool::ObstacleDetection::sum(std::vector<signed char>)[m[K’:
[01m[K/home/kal5-2/rammbo/src/obstacle_detection_ros_tool/src/obstacle_detection/obstacle_detection.cpp:418:27:[m[K [01;35m[Kwarning: [m[Kcomparison between signed and unsigned integer expressions [[01;35m[K-Wsign-compare[m[K]
         for(int i = 0 ; [01;35m[Ki <=info.width*info.height-1[m[K; i++){
                         [01;35m[K~~^~~~~~~~~~~~~~~~~~~~~~~~~~[m[K
In file included from [01m[K/usr/include/pcl-1.8/pcl/sample_consensus/sac_model.h:52:0[m[K,
                 from [01m[K/usr/include/pcl-1.8/pcl/sample_consensus/sac.h:45[m[K,
                 from [01m[K/usr/include/pcl-1.8/pcl/segmentation/sac_segmentation.h:49[m[K,
                 from [01m[K/home/kal5-2/rammbo/src/obstacle_detection_ros_tool/src/obstacle_detection/obstacle_detection.hpp:24[m[K,
                 from [01m[K/home/kal5-2/rammbo/src/obstacle_detection_ros_tool/src/obstacle_detection/obstacle_detection.cpp:1[m[K:
[01m[K/usr/include/pcl-1.8/pcl/sample_consensus/model_types.h:[m[K In function ‘[01m[Kvoid __static_initialization_and_destruction_0(int, int)[m[K’:
[01m[K/usr/include/pcl-1.8/pcl/sample_consensus/model_types.h:99:3:[m[K [01;35m[Kwarning: [m[K‘[01m[Kpcl::SAC_SAMPLE_SIZE[m[K’ is deprecated: This map is deprecated and is kept only to prevent breaking existing user code. Starting from PCL 1.8.0 model sample size is a protected member of the SampleConsensusModel class [[01;35m[K-Wdeprecated-declarations[m[K]
   [01;35m[KSAC_SAMPLE_SIZE[m[K (sample_size_pairs, sample_size_pairs + sizeof (sample_size_pairs) / sizeof (SampleSizeModel));
   [01;35m[K^~~~~~~~~~~~~~~[m[K
[01m[K/usr/include/pcl-1.8/pcl/sample_consensus/model_types.h:99:3:[m[K [01;36m[Knote: [m[Kdeclared here
[ 70%] [32m[1mLinking CXX shared library /home/kal5-2/rammbo/devel/.private/obstacle_detection_ros_tool/lib/libobstacle_detection_nodelet.so[0m
[ 80%] Built target obstacle_detection_ros_tool-obstacle_detection-nodelet
[ 90%] [32m[1mLinking CXX executable /home/kal5-2/rammbo/devel/.private/obstacle_detection_ros_tool/lib/obstacle_detection_ros_tool/obstacle_detection[0m
[100%] Built target obstacle_detection_ros_tool-obstacle_detection-exec
