Determining if the pthread_create exist failed with the following output:
Change Dir: /home/kal5-2/rammbo/build/driver_base/CMakeFiles/CMakeTmp

Run Build Command(s):/usr/bin/make cmTC_dd6f8/fast 
make: Warning: File 'Makefile' has modification time 0,02 s in the future
/usr/bin/make -f CMakeFiles/cmTC_dd6f8.dir/build.make CMakeFiles/cmTC_dd6f8.dir/build
make[1]: Entering directory '/home/kal5-2/rammbo/build/driver_base/CMakeFiles/CMakeTmp'
make[1]: Warning: File 'CMakeFiles/cmTC_dd6f8.dir/flags.make' has modification time 0,016 s in the future
Building C object CMakeFiles/cmTC_dd6f8.dir/CheckSymbolExists.c.o
/usr/lib/ccache/cc    -o CMakeFiles/cmTC_dd6f8.dir/CheckSymbolExists.c.o   -c /home/kal5-2/rammbo/build/driver_base/CMakeFiles/CMakeTmp/CheckSymbolExists.c
Linking C executable cmTC_dd6f8
/usr/bin/cmake -E cmake_link_script CMakeFiles/cmTC_dd6f8.dir/link.txt --verbose=1
/usr/lib/ccache/cc      -rdynamic CMakeFiles/cmTC_dd6f8.dir/CheckSymbolExists.c.o  -o cmTC_dd6f8 
CMakeFiles/cmTC_dd6f8.dir/CheckSymbolExists.c.o: In function `main':
CheckSymbolExists.c:(.text+0x1b): undefined reference to `pthread_create'
collect2: error: ld returned 1 exit status
CMakeFiles/cmTC_dd6f8.dir/build.make:86: recipe for target 'cmTC_dd6f8' failed
make[1]: *** [cmTC_dd6f8] Error 1
make[1]: Leaving directory '/home/kal5-2/rammbo/build/driver_base/CMakeFiles/CMakeTmp'
Makefile:121: recipe for target 'cmTC_dd6f8/fast' failed
make: *** [cmTC_dd6f8/fast] Error 2

File /home/kal5-2/rammbo/build/driver_base/CMakeFiles/CMakeTmp/CheckSymbolExists.c:
/* */
#include <pthread.h>

int main(int argc, char** argv)
{
  (void)argv;
#ifndef pthread_create
  return ((int*)(&pthread_create))[argc];
#else
  (void)argc;
  return 0;
#endif
}

Determining if the function pthread_create exists in the pthreads failed with the following output:
Change Dir: /home/kal5-2/rammbo/build/driver_base/CMakeFiles/CMakeTmp

Run Build Command(s):/usr/bin/make cmTC_76903/fast 
make: Warning: File 'Makefile' has modification time 0,022 s in the future
/usr/bin/make -f CMakeFiles/cmTC_76903.dir/build.make CMakeFiles/cmTC_76903.dir/build
make[1]: Entering directory '/home/kal5-2/rammbo/build/driver_base/CMakeFiles/CMakeTmp'
make[1]: Warning: File 'CMakeFiles/cmTC_76903.dir/flags.make' has modification time 0,016 s in the future
Building C object CMakeFiles/cmTC_76903.dir/CheckFunctionExists.c.o
/usr/lib/ccache/cc   -DCHECK_FUNCTION_EXISTS=pthread_create   -o CMakeFiles/cmTC_76903.dir/CheckFunctionExists.c.o   -c /usr/share/cmake-3.14/Modules/CheckFunctionExists.c
Linking C executable cmTC_76903
/usr/bin/cmake -E cmake_link_script CMakeFiles/cmTC_76903.dir/link.txt --verbose=1
/usr/lib/ccache/cc  -DCHECK_FUNCTION_EXISTS=pthread_create    -rdynamic CMakeFiles/cmTC_76903.dir/CheckFunctionExists.c.o  -o cmTC_76903 -lpthreads 
/usr/bin/ld: cannot find -lpthreads
collect2: error: ld returned 1 exit status
CMakeFiles/cmTC_76903.dir/build.make:86: recipe for target 'cmTC_76903' failed
make[1]: *** [cmTC_76903] Error 1
make[1]: Leaving directory '/home/kal5-2/rammbo/build/driver_base/CMakeFiles/CMakeTmp'
Makefile:121: recipe for target 'cmTC_76903/fast' failed
make: *** [cmTC_76903/fast] Error 2


