Determining if the pthread_create exist failed with the following output:
Change Dir: /home/kal5-2/rammbo/build/rosparam_handler/CMakeFiles/CMakeTmp

Run Build Command(s):/usr/bin/make cmTC_c8b35/fast 
make: Warning: File 'Makefile' has modification time 0,0011 s in the future
/usr/bin/make -f CMakeFiles/cmTC_c8b35.dir/build.make CMakeFiles/cmTC_c8b35.dir/build
make[1]: Entering directory '/home/kal5-2/rammbo/build/rosparam_handler/CMakeFiles/CMakeTmp'
make[1]: Warning: File 'CMakeFiles/cmTC_c8b35.dir/progress.make' has modification time 0,002 s in the future
Building C object CMakeFiles/cmTC_c8b35.dir/CheckSymbolExists.c.o
/usr/lib/ccache/cc    -o CMakeFiles/cmTC_c8b35.dir/CheckSymbolExists.c.o   -c /home/kal5-2/rammbo/build/rosparam_handler/CMakeFiles/CMakeTmp/CheckSymbolExists.c
Linking C executable cmTC_c8b35
/usr/bin/cmake -E cmake_link_script CMakeFiles/cmTC_c8b35.dir/link.txt --verbose=1
/usr/lib/ccache/cc      -rdynamic CMakeFiles/cmTC_c8b35.dir/CheckSymbolExists.c.o  -o cmTC_c8b35 
CMakeFiles/cmTC_c8b35.dir/CheckSymbolExists.c.o: In function `main':
CheckSymbolExists.c:(.text+0x1b): undefined reference to `pthread_create'
collect2: error: ld returned 1 exit status
CMakeFiles/cmTC_c8b35.dir/build.make:86: recipe for target 'cmTC_c8b35' failed
make[1]: *** [cmTC_c8b35] Error 1
make[1]: Leaving directory '/home/kal5-2/rammbo/build/rosparam_handler/CMakeFiles/CMakeTmp'
Makefile:121: recipe for target 'cmTC_c8b35/fast' failed
make: *** [cmTC_c8b35/fast] Error 2

File /home/kal5-2/rammbo/build/rosparam_handler/CMakeFiles/CMakeTmp/CheckSymbolExists.c:
/* */
#include <pthread.h>

int main(int argc, char** argv)
{
  (void)argv;
#ifndef pthread_create
  return ((int*)(&pthread_create))[argc];
#else
  (void)argc;
  return 0;
#endif
}

Determining if the function pthread_create exists in the pthreads failed with the following output:
Change Dir: /home/kal5-2/rammbo/build/rosparam_handler/CMakeFiles/CMakeTmp

Run Build Command(s):/usr/bin/make cmTC_8ccc1/fast 
make: Warning: File 'Makefile' has modification time 0,0026 s in the future
/usr/bin/make -f CMakeFiles/cmTC_8ccc1.dir/build.make CMakeFiles/cmTC_8ccc1.dir/build
make[1]: Entering directory '/home/kal5-2/rammbo/build/rosparam_handler/CMakeFiles/CMakeTmp'
make[1]: Warning: File 'CMakeFiles/cmTC_8ccc1.dir/progress.make' has modification time 0,0036 s in the future
Building C object CMakeFiles/cmTC_8ccc1.dir/CheckFunctionExists.c.o
/usr/lib/ccache/cc   -DCHECK_FUNCTION_EXISTS=pthread_create   -o CMakeFiles/cmTC_8ccc1.dir/CheckFunctionExists.c.o   -c /usr/share/cmake-3.14/Modules/CheckFunctionExists.c
Linking C executable cmTC_8ccc1
/usr/bin/cmake -E cmake_link_script CMakeFiles/cmTC_8ccc1.dir/link.txt --verbose=1
/usr/lib/ccache/cc  -DCHECK_FUNCTION_EXISTS=pthread_create    -rdynamic CMakeFiles/cmTC_8ccc1.dir/CheckFunctionExists.c.o  -o cmTC_8ccc1 -lpthreads 
/usr/bin/ld: cannot find -lpthreads
collect2: error: ld returned 1 exit status
CMakeFiles/cmTC_8ccc1.dir/build.make:86: recipe for target 'cmTC_8ccc1' failed
make[1]: *** [cmTC_8ccc1] Error 1
make[1]: Leaving directory '/home/kal5-2/rammbo/build/rosparam_handler/CMakeFiles/CMakeTmp'
Makefile:121: recipe for target 'cmTC_8ccc1/fast' failed
make: *** [cmTC_8ccc1/fast] Error 2


