Not searching for unused variables given on the command line.
[36m--[0m The C compiler identification is GNU 7.4.0
[36m--[0m The CXX compiler identification is GNU 7.4.0
[36m--[0m Check for working C compiler: /usr/lib/ccache/cc
[36m--[0m Check for working C compiler: /usr/lib/ccache/cc -- works
[36m--[0m Detecting C compiler ABI info
[36m--[0m Detecting C compiler ABI info - done
[36m--[0m Detecting C compile features
[36m--[0m Detecting C compile features - done
[36m--[0m Check for working CXX compiler: /usr/lib/ccache/c++
[36m--[0m Check for working CXX compiler: /usr/lib/ccache/c++ -- works
[36m--[0m Detecting CXX compiler ABI info
[36m--[0m Detecting CXX compiler ABI info - done
[36m--[0m Detecting CXX compile features
[36m--[0m Detecting CXX compile features - done
[31m[1mCMake Error[0m at /home/kal5-2/rammbo/src/motor_interface/CMakeLists.txt:9 (find_package):
  By not providing "Findmrt_cmake_modules.cmake" in CMAKE_MODULE_PATH this
  project has asked CMake to find a package configuration file provided by
  "mrt_cmake_modules", but CMake did not find one.

  Could not find a package configuration file provided by "mrt_cmake_modules"
  with any of the following names:

    mrt_cmake_modulesConfig.cmake
    mrt_cmake_modules-config.cmake

  Add the installation prefix of "mrt_cmake_modules" to CMAKE_PREFIX_PATH or
  set "mrt_cmake_modules_DIR" to a directory containing one of the above
  files.  If "mrt_cmake_modules" provides a separate development package or
  SDK, be sure it has been installed.


[36m--[0m Configuring incomplete, errors occurred!
See also "/home/kal5-2/rammbo/build/motor_interface/CMakeFiles/CMakeOutput.log".
