Warning: Cannot symlink from /home/kal5-2/rammbo/devel/.private/driver_base/local_setup.sh to existing file /home/kal5-2/rammbo/devel/./local_setup.sh
Warning: Source hash: e1eb23ae5c8abef02223ae4882a121f5
Warning: Dest hash: 7f781bb141ca83ed4e78a5b51f28807c
Symlinking /home/kal5-2/rammbo/devel/share/common-lisp/ros/driver_base/msg/SensorLevels.lisp
Symlinking /home/kal5-2/rammbo/devel/share/common-lisp/ros/driver_base/msg/ConfigValue.lisp
Symlinking /home/kal5-2/rammbo/devel/share/common-lisp/ros/driver_base/msg/_package_ConfigString.lisp
Symlinking /home/kal5-2/rammbo/devel/share/common-lisp/ros/driver_base/msg/ConfigString.lisp
Symlinking /home/kal5-2/rammbo/devel/share/common-lisp/ros/driver_base/msg/_package_SensorLevels.lisp
Symlinking /home/kal5-2/rammbo/devel/share/common-lisp/ros/driver_base/msg/driver_base-msg.asd
Symlinking /home/kal5-2/rammbo/devel/share/common-lisp/ros/driver_base/msg/_package_ConfigValue.lisp
Symlinking /home/kal5-2/rammbo/devel/share/common-lisp/ros/driver_base/msg/_package.lisp
Symlinking /home/kal5-2/rammbo/devel/share/roseus/ros/driver_base/manifest.l
Symlinking /home/kal5-2/rammbo/devel/share/roseus/ros/driver_base/msg/ConfigString.l
Symlinking /home/kal5-2/rammbo/devel/share/roseus/ros/driver_base/msg/SensorLevels.l
Symlinking /home/kal5-2/rammbo/devel/share/roseus/ros/driver_base/msg/ConfigValue.l
Symlinking /home/kal5-2/rammbo/devel/share/driver_base/cmake/driver_base-msg-paths.cmake
Symlinking /home/kal5-2/rammbo/devel/share/driver_base/cmake/driver_baseConfig-version.cmake
Symlinking /home/kal5-2/rammbo/devel/share/driver_base/cmake/driver_baseConfig.cmake
Symlinking /home/kal5-2/rammbo/devel/share/driver_base/cmake/driver_base-msg-extras.cmake
Symlinking /home/kal5-2/rammbo/devel/share/gennodejs/ros/driver_base/_index.js
Symlinking /home/kal5-2/rammbo/devel/share/gennodejs/ros/driver_base/msg/ConfigString.js
Symlinking /home/kal5-2/rammbo/devel/share/gennodejs/ros/driver_base/msg/SensorLevels.js
Symlinking /home/kal5-2/rammbo/devel/share/gennodejs/ros/driver_base/msg/_index.js
Symlinking /home/kal5-2/rammbo/devel/share/gennodejs/ros/driver_base/msg/ConfigValue.js
Symlinking /home/kal5-2/rammbo/devel/include/driver_base/SensorLevels.h
Symlinking /home/kal5-2/rammbo/devel/include/driver_base/ConfigValue.h
Symlinking /home/kal5-2/rammbo/devel/include/driver_base/ConfigString.h
Symlinking /home/kal5-2/rammbo/devel/lib/pkgconfig/driver_base.pc
Symlinking /home/kal5-2/rammbo/devel/lib/python2.7/dist-packages/driver_base/__init__.py
Symlinking /home/kal5-2/rammbo/devel/lib/python2.7/dist-packages/driver_base/msg/_ConfigString.py
Symlinking /home/kal5-2/rammbo/devel/lib/python2.7/dist-packages/driver_base/msg/_ConfigValue.py
Symlinking /home/kal5-2/rammbo/devel/lib/python2.7/dist-packages/driver_base/msg/_SensorLevels.py
Symlinking /home/kal5-2/rammbo/devel/lib/python2.7/dist-packages/driver_base/msg/__init__.py
