Warning: Cannot symlink from /home/kal5-2/rammbo/devel/.private/driver_base/local_setup.sh to existing file /home/kal5-2/rammbo/devel/./local_setup.sh
Warning: Source hash: e1eb23ae5c8abef02223ae4882a121f5
Warning: Dest hash: 7f781bb141ca83ed4e78a5b51f28807c
Linked: (/home/kal5-2/rammbo/devel/.private/driver_base/share/common-lisp/ros/driver_base/msg/SensorLevels.lisp, /home/kal5-2/rammbo/devel/share/common-lisp/ros/driver_base/msg/SensorLevels.lisp)
Linked: (/home/kal5-2/rammbo/devel/.private/driver_base/share/common-lisp/ros/driver_base/msg/ConfigValue.lisp, /home/kal5-2/rammbo/devel/share/common-lisp/ros/driver_base/msg/ConfigValue.lisp)
Linked: (/home/kal5-2/rammbo/devel/.private/driver_base/share/common-lisp/ros/driver_base/msg/_package_ConfigString.lisp, /home/kal5-2/rammbo/devel/share/common-lisp/ros/driver_base/msg/_package_ConfigString.lisp)
Linked: (/home/kal5-2/rammbo/devel/.private/driver_base/share/common-lisp/ros/driver_base/msg/ConfigString.lisp, /home/kal5-2/rammbo/devel/share/common-lisp/ros/driver_base/msg/ConfigString.lisp)
Linked: (/home/kal5-2/rammbo/devel/.private/driver_base/share/common-lisp/ros/driver_base/msg/_package_SensorLevels.lisp, /home/kal5-2/rammbo/devel/share/common-lisp/ros/driver_base/msg/_package_SensorLevels.lisp)
Linked: (/home/kal5-2/rammbo/devel/.private/driver_base/share/common-lisp/ros/driver_base/msg/driver_base-msg.asd, /home/kal5-2/rammbo/devel/share/common-lisp/ros/driver_base/msg/driver_base-msg.asd)
Linked: (/home/kal5-2/rammbo/devel/.private/driver_base/share/common-lisp/ros/driver_base/msg/_package_ConfigValue.lisp, /home/kal5-2/rammbo/devel/share/common-lisp/ros/driver_base/msg/_package_ConfigValue.lisp)
Linked: (/home/kal5-2/rammbo/devel/.private/driver_base/share/common-lisp/ros/driver_base/msg/_package.lisp, /home/kal5-2/rammbo/devel/share/common-lisp/ros/driver_base/msg/_package.lisp)
Linked: (/home/kal5-2/rammbo/devel/.private/driver_base/share/roseus/ros/driver_base/manifest.l, /home/kal5-2/rammbo/devel/share/roseus/ros/driver_base/manifest.l)
Linked: (/home/kal5-2/rammbo/devel/.private/driver_base/share/roseus/ros/driver_base/msg/ConfigString.l, /home/kal5-2/rammbo/devel/share/roseus/ros/driver_base/msg/ConfigString.l)
Linked: (/home/kal5-2/rammbo/devel/.private/driver_base/share/roseus/ros/driver_base/msg/SensorLevels.l, /home/kal5-2/rammbo/devel/share/roseus/ros/driver_base/msg/SensorLevels.l)
Linked: (/home/kal5-2/rammbo/devel/.private/driver_base/share/roseus/ros/driver_base/msg/ConfigValue.l, /home/kal5-2/rammbo/devel/share/roseus/ros/driver_base/msg/ConfigValue.l)
Linked: (/home/kal5-2/rammbo/devel/.private/driver_base/share/driver_base/cmake/driver_base-msg-paths.cmake, /home/kal5-2/rammbo/devel/share/driver_base/cmake/driver_base-msg-paths.cmake)
Linked: (/home/kal5-2/rammbo/devel/.private/driver_base/share/driver_base/cmake/driver_baseConfig-version.cmake, /home/kal5-2/rammbo/devel/share/driver_base/cmake/driver_baseConfig-version.cmake)
Linked: (/home/kal5-2/rammbo/devel/.private/driver_base/share/driver_base/cmake/driver_baseConfig.cmake, /home/kal5-2/rammbo/devel/share/driver_base/cmake/driver_baseConfig.cmake)
Linked: (/home/kal5-2/rammbo/devel/.private/driver_base/share/driver_base/cmake/driver_base-msg-extras.cmake, /home/kal5-2/rammbo/devel/share/driver_base/cmake/driver_base-msg-extras.cmake)
Linked: (/home/kal5-2/rammbo/devel/.private/driver_base/share/gennodejs/ros/driver_base/_index.js, /home/kal5-2/rammbo/devel/share/gennodejs/ros/driver_base/_index.js)
Linked: (/home/kal5-2/rammbo/devel/.private/driver_base/share/gennodejs/ros/driver_base/msg/ConfigString.js, /home/kal5-2/rammbo/devel/share/gennodejs/ros/driver_base/msg/ConfigString.js)
Linked: (/home/kal5-2/rammbo/devel/.private/driver_base/share/gennodejs/ros/driver_base/msg/SensorLevels.js, /home/kal5-2/rammbo/devel/share/gennodejs/ros/driver_base/msg/SensorLevels.js)
Linked: (/home/kal5-2/rammbo/devel/.private/driver_base/share/gennodejs/ros/driver_base/msg/_index.js, /home/kal5-2/rammbo/devel/share/gennodejs/ros/driver_base/msg/_index.js)
Linked: (/home/kal5-2/rammbo/devel/.private/driver_base/share/gennodejs/ros/driver_base/msg/ConfigValue.js, /home/kal5-2/rammbo/devel/share/gennodejs/ros/driver_base/msg/ConfigValue.js)
Linked: (/home/kal5-2/rammbo/devel/.private/driver_base/include/driver_base/SensorLevels.h, /home/kal5-2/rammbo/devel/include/driver_base/SensorLevels.h)
Linked: (/home/kal5-2/rammbo/devel/.private/driver_base/include/driver_base/ConfigValue.h, /home/kal5-2/rammbo/devel/include/driver_base/ConfigValue.h)
Linked: (/home/kal5-2/rammbo/devel/.private/driver_base/include/driver_base/ConfigString.h, /home/kal5-2/rammbo/devel/include/driver_base/ConfigString.h)
Linked: (/home/kal5-2/rammbo/devel/.private/driver_base/lib/pkgconfig/driver_base.pc, /home/kal5-2/rammbo/devel/lib/pkgconfig/driver_base.pc)
Linked: (/home/kal5-2/rammbo/devel/.private/driver_base/lib/python2.7/dist-packages/driver_base/__init__.py, /home/kal5-2/rammbo/devel/lib/python2.7/dist-packages/driver_base/__init__.py)
Linked: (/home/kal5-2/rammbo/devel/.private/driver_base/lib/python2.7/dist-packages/driver_base/msg/_ConfigString.py, /home/kal5-2/rammbo/devel/lib/python2.7/dist-packages/driver_base/msg/_ConfigString.py)
Linked: (/home/kal5-2/rammbo/devel/.private/driver_base/lib/python2.7/dist-packages/driver_base/msg/_ConfigValue.py, /home/kal5-2/rammbo/devel/lib/python2.7/dist-packages/driver_base/msg/_ConfigValue.py)
Linked: (/home/kal5-2/rammbo/devel/.private/driver_base/lib/python2.7/dist-packages/driver_base/msg/_SensorLevels.py, /home/kal5-2/rammbo/devel/lib/python2.7/dist-packages/driver_base/msg/_SensorLevels.py)
Linked: (/home/kal5-2/rammbo/devel/.private/driver_base/lib/python2.7/dist-packages/driver_base/msg/__init__.py, /home/kal5-2/rammbo/devel/lib/python2.7/dist-packages/driver_base/msg/__init__.py)
