Determining if the pthread_create exist failed with the following output:
Change Dir: /home/kal5-2/rammbo/build/joy/CMakeFiles/CMakeTmp

Run Build Command(s):/usr/bin/make cmTC_f46cd/fast 
make: Warning: File 'Makefile' has modification time 0,022 s in the future
/usr/bin/make -f CMakeFiles/cmTC_f46cd.dir/build.make CMakeFiles/cmTC_f46cd.dir/build
make[1]: Entering directory '/home/kal5-2/rammbo/build/joy/CMakeFiles/CMakeTmp'
make[1]: Warning: File 'CMakeFiles/cmTC_f46cd.dir/flags.make' has modification time 0,018 s in the future
Building C object CMakeFiles/cmTC_f46cd.dir/CheckSymbolExists.c.o
/usr/lib/ccache/cc    -o CMakeFiles/cmTC_f46cd.dir/CheckSymbolExists.c.o   -c /home/kal5-2/rammbo/build/joy/CMakeFiles/CMakeTmp/CheckSymbolExists.c
Linking C executable cmTC_f46cd
/usr/bin/cmake -E cmake_link_script CMakeFiles/cmTC_f46cd.dir/link.txt --verbose=1
/usr/lib/ccache/cc      -rdynamic CMakeFiles/cmTC_f46cd.dir/CheckSymbolExists.c.o  -o cmTC_f46cd 
CMakeFiles/cmTC_f46cd.dir/CheckSymbolExists.c.o: In function `main':
CheckSymbolExists.c:(.text+0x1b): undefined reference to `pthread_create'
collect2: error: ld returned 1 exit status
CMakeFiles/cmTC_f46cd.dir/build.make:86: recipe for target 'cmTC_f46cd' failed
make[1]: *** [cmTC_f46cd] Error 1
make[1]: Leaving directory '/home/kal5-2/rammbo/build/joy/CMakeFiles/CMakeTmp'
Makefile:121: recipe for target 'cmTC_f46cd/fast' failed
make: *** [cmTC_f46cd/fast] Error 2

File /home/kal5-2/rammbo/build/joy/CMakeFiles/CMakeTmp/CheckSymbolExists.c:
/* */
#include <pthread.h>

int main(int argc, char** argv)
{
  (void)argv;
#ifndef pthread_create
  return ((int*)(&pthread_create))[argc];
#else
  (void)argc;
  return 0;
#endif
}

Determining if the function pthread_create exists in the pthreads failed with the following output:
Change Dir: /home/kal5-2/rammbo/build/joy/CMakeFiles/CMakeTmp

Run Build Command(s):/usr/bin/make cmTC_dfeec/fast 
make: Warning: File 'Makefile' has modification time 0,024 s in the future
/usr/bin/make -f CMakeFiles/cmTC_dfeec.dir/build.make CMakeFiles/cmTC_dfeec.dir/build
make[1]: Entering directory '/home/kal5-2/rammbo/build/joy/CMakeFiles/CMakeTmp'
make[1]: Warning: File 'CMakeFiles/cmTC_dfeec.dir/flags.make' has modification time 0,016 s in the future
Building C object CMakeFiles/cmTC_dfeec.dir/CheckFunctionExists.c.o
/usr/lib/ccache/cc   -DCHECK_FUNCTION_EXISTS=pthread_create   -o CMakeFiles/cmTC_dfeec.dir/CheckFunctionExists.c.o   -c /usr/share/cmake-3.14/Modules/CheckFunctionExists.c
Linking C executable cmTC_dfeec
/usr/bin/cmake -E cmake_link_script CMakeFiles/cmTC_dfeec.dir/link.txt --verbose=1
/usr/lib/ccache/cc  -DCHECK_FUNCTION_EXISTS=pthread_create    -rdynamic CMakeFiles/cmTC_dfeec.dir/CheckFunctionExists.c.o  -o cmTC_dfeec -lpthreads 
/usr/bin/ld: cannot find -lpthreads
collect2: error: ld returned 1 exit status
CMakeFiles/cmTC_dfeec.dir/build.make:86: recipe for target 'cmTC_dfeec' failed
make[1]: *** [cmTC_dfeec] Error 1
make[1]: Leaving directory '/home/kal5-2/rammbo/build/joy/CMakeFiles/CMakeTmp'
Makefile:121: recipe for target 'cmTC_dfeec/fast' failed
make: *** [cmTC_dfeec/fast] Error 2


