Determining if the pthread_create exist failed with the following output:
Change Dir: /home/kal5-2/rammbo/build/mrt_cmake_modules/CMakeFiles/CMakeTmp

Run Build Command(s):/usr/bin/make cmTC_c0f49/fast 
make: Warning: File 'Makefile' has modification time 0,087 s in the future
/usr/bin/make -f CMakeFiles/cmTC_c0f49.dir/build.make CMakeFiles/cmTC_c0f49.dir/build
make[1]: Entering directory '/home/kal5-2/rammbo/build/mrt_cmake_modules/CMakeFiles/CMakeTmp'
make[1]: Warning: File 'CMakeFiles/cmTC_c0f49.dir/flags.make' has modification time 0,084 s in the future
Building C object CMakeFiles/cmTC_c0f49.dir/CheckSymbolExists.c.o
/usr/lib/ccache/cc    -o CMakeFiles/cmTC_c0f49.dir/CheckSymbolExists.c.o   -c /home/kal5-2/rammbo/build/mrt_cmake_modules/CMakeFiles/CMakeTmp/CheckSymbolExists.c
Linking C executable cmTC_c0f49
/usr/bin/cmake -E cmake_link_script CMakeFiles/cmTC_c0f49.dir/link.txt --verbose=1
/usr/lib/ccache/cc      -rdynamic CMakeFiles/cmTC_c0f49.dir/CheckSymbolExists.c.o  -o cmTC_c0f49 
CMakeFiles/cmTC_c0f49.dir/CheckSymbolExists.c.o: In function `main':
CheckSymbolExists.c:(.text+0x1b): undefined reference to `pthread_create'
collect2: error: ld returned 1 exit status
CMakeFiles/cmTC_c0f49.dir/build.make:86: recipe for target 'cmTC_c0f49' failed
make[1]: *** [cmTC_c0f49] Error 1
make[1]: Leaving directory '/home/kal5-2/rammbo/build/mrt_cmake_modules/CMakeFiles/CMakeTmp'
Makefile:121: recipe for target 'cmTC_c0f49/fast' failed
make: *** [cmTC_c0f49/fast] Error 2

File /home/kal5-2/rammbo/build/mrt_cmake_modules/CMakeFiles/CMakeTmp/CheckSymbolExists.c:
/* */
#include <pthread.h>

int main(int argc, char** argv)
{
  (void)argv;
#ifndef pthread_create
  return ((int*)(&pthread_create))[argc];
#else
  (void)argc;
  return 0;
#endif
}

Determining if the function pthread_create exists in the pthreads failed with the following output:
Change Dir: /home/kal5-2/rammbo/build/mrt_cmake_modules/CMakeFiles/CMakeTmp

Run Build Command(s):/usr/bin/make cmTC_77f9d/fast 
make: Warning: File 'Makefile' has modification time 0,091 s in the future
/usr/bin/make -f CMakeFiles/cmTC_77f9d.dir/build.make CMakeFiles/cmTC_77f9d.dir/build
make[1]: Entering directory '/home/kal5-2/rammbo/build/mrt_cmake_modules/CMakeFiles/CMakeTmp'
make[1]: Warning: File 'CMakeFiles/cmTC_77f9d.dir/flags.make' has modification time 0,088 s in the future
Building C object CMakeFiles/cmTC_77f9d.dir/CheckFunctionExists.c.o
/usr/lib/ccache/cc   -DCHECK_FUNCTION_EXISTS=pthread_create   -o CMakeFiles/cmTC_77f9d.dir/CheckFunctionExists.c.o   -c /usr/share/cmake-3.14/Modules/CheckFunctionExists.c
Linking C executable cmTC_77f9d
/usr/bin/cmake -E cmake_link_script CMakeFiles/cmTC_77f9d.dir/link.txt --verbose=1
/usr/lib/ccache/cc  -DCHECK_FUNCTION_EXISTS=pthread_create    -rdynamic CMakeFiles/cmTC_77f9d.dir/CheckFunctionExists.c.o  -o cmTC_77f9d -lpthreads 
/usr/bin/ld: cannot find -lpthreads
collect2: error: ld returned 1 exit status
CMakeFiles/cmTC_77f9d.dir/build.make:86: recipe for target 'cmTC_77f9d' failed
make[1]: *** [cmTC_77f9d] Error 1
make[1]: Leaving directory '/home/kal5-2/rammbo/build/mrt_cmake_modules/CMakeFiles/CMakeTmp'
Makefile:121: recipe for target 'cmTC_77f9d/fast' failed
make: *** [cmTC_77f9d/fast] Error 2


