[35m[1mScanning dependencies of target gtest[0m
[35m[1mScanning dependencies of target rosgraph_msgs_generate_messages_nodejs[0m
[35m[1mScanning dependencies of target rosgraph_msgs_generate_messages_cpp[0m
[35m[1mScanning dependencies of target std_msgs_generate_messages_eus[0m
[35m[1mScanning dependencies of target roscpp_generate_messages_py[0m
[35m[1mScanning dependencies of target roscpp_generate_messages_nodejs[0m
[35m[1mScanning dependencies of target rosgraph_msgs_generate_messages_lisp[0m
[  0%] Built target roscpp_generate_messages_py
[  0%] Built target roscpp_generate_messages_nodejs
[  0%] Built target std_msgs_generate_messages_eus
[  0%] Built target rosgraph_msgs_generate_messages_nodejs
[  0%] Built target rosgraph_msgs_generate_messages_cpp
[ 20%] Built target rosgraph_msgs_generate_messages_lisp
[ 20%] [32mBuilding CXX object gtest/googlemock/gtest/CMakeFiles/gtest.dir/src/gtest-all.cc.o[0m
[35m[1mScanning dependencies of target roscpp_generate_messages_eus[0m
[35m[1mScanning dependencies of target roscpp_generate_messages_lisp[0m
[35m[1mScanning dependencies of target roscpp_generate_messages_cpp[0m
[35m[1mScanning dependencies of target std_msgs_generate_messages_lisp[0m
[35m[1mScanning dependencies of target std_msgs_generate_messages_cpp[0m
[35m[1mScanning dependencies of target std_msgs_generate_messages_nodejs[0m
[ 20%] Built target roscpp_generate_messages_lisp
[ 20%] Built target roscpp_generate_messages_eus
[ 20%] Built target std_msgs_generate_messages_cpp
[ 20%] Built target std_msgs_generate_messages_lisp
[ 20%] Built target roscpp_generate_messages_cpp
[ 20%] Built target std_msgs_generate_messages_nodejs
[35m[1mScanning dependencies of target std_msgs_generate_messages_py[0m
[35m[1mScanning dependencies of target rosgraph_msgs_generate_messages_eus[0m
[35m[1mScanning dependencies of target rosgraph_msgs_generate_messages_py[0m
[ 40%] Built target rosgraph_msgs_generate_messages_eus
[ 40%] [32m[1mLinking CXX shared library libgtest.so[0m
[ 40%] Built target std_msgs_generate_messages_py
[ 40%] Built target rosgraph_msgs_generate_messages_py
[ 40%] Built target gtest
[35m[1mScanning dependencies of target mrt_image_geometry_ros[0m
[ 60%] [32mBuilding CXX object CMakeFiles/mrt_image_geometry_ros.dir/src/pinhole_camera_model.cpp.o[0m
[ 80%] [32mBuilding CXX object CMakeFiles/mrt_image_geometry_ros.dir/src/stereo_camera_model.cpp.o[0m
[100%] [32m[1mLinking CXX shared library /home/kal5-2/rammbo/devel/.private/mrt_image_geometry_ros/lib/libmrt_image_geometry_ros.so[0m
[100%] Built target mrt_image_geometry_ros
