Determining if the pthread_create exist failed with the following output:
Change Dir: /home/kal5-2/rammbo/build/rosinterface_handler/CMakeFiles/CMakeTmp

Run Build Command(s):/usr/bin/make cmTC_5a001/fast 
make: Warning: File 'Makefile' has modification time 0,088 s in the future
/usr/bin/make -f CMakeFiles/cmTC_5a001.dir/build.make CMakeFiles/cmTC_5a001.dir/build
make[1]: Entering directory '/home/kal5-2/rammbo/build/rosinterface_handler/CMakeFiles/CMakeTmp'
make[1]: Warning: File 'CMakeFiles/cmTC_5a001.dir/flags.make' has modification time 0,085 s in the future
Building C object CMakeFiles/cmTC_5a001.dir/CheckSymbolExists.c.o
/usr/lib/ccache/cc    -o CMakeFiles/cmTC_5a001.dir/CheckSymbolExists.c.o   -c /home/kal5-2/rammbo/build/rosinterface_handler/CMakeFiles/CMakeTmp/CheckSymbolExists.c
Linking C executable cmTC_5a001
/usr/bin/cmake -E cmake_link_script CMakeFiles/cmTC_5a001.dir/link.txt --verbose=1
/usr/lib/ccache/cc      -rdynamic CMakeFiles/cmTC_5a001.dir/CheckSymbolExists.c.o  -o cmTC_5a001 
CMakeFiles/cmTC_5a001.dir/CheckSymbolExists.c.o: In function `main':
CheckSymbolExists.c:(.text+0x1b): undefined reference to `pthread_create'
collect2: error: ld returned 1 exit status
CMakeFiles/cmTC_5a001.dir/build.make:86: recipe for target 'cmTC_5a001' failed
make[1]: *** [cmTC_5a001] Error 1
make[1]: Leaving directory '/home/kal5-2/rammbo/build/rosinterface_handler/CMakeFiles/CMakeTmp'
Makefile:121: recipe for target 'cmTC_5a001/fast' failed
make: *** [cmTC_5a001/fast] Error 2

File /home/kal5-2/rammbo/build/rosinterface_handler/CMakeFiles/CMakeTmp/CheckSymbolExists.c:
/* */
#include <pthread.h>

int main(int argc, char** argv)
{
  (void)argv;
#ifndef pthread_create
  return ((int*)(&pthread_create))[argc];
#else
  (void)argc;
  return 0;
#endif
}

Determining if the function pthread_create exists in the pthreads failed with the following output:
Change Dir: /home/kal5-2/rammbo/build/rosinterface_handler/CMakeFiles/CMakeTmp

Run Build Command(s):/usr/bin/make cmTC_702d6/fast 
make: Warning: File 'Makefile' has modification time 0,092 s in the future
/usr/bin/make -f CMakeFiles/cmTC_702d6.dir/build.make CMakeFiles/cmTC_702d6.dir/build
make[1]: Entering directory '/home/kal5-2/rammbo/build/rosinterface_handler/CMakeFiles/CMakeTmp'
make[1]: Warning: File 'CMakeFiles/cmTC_702d6.dir/flags.make' has modification time 0,085 s in the future
Building C object CMakeFiles/cmTC_702d6.dir/CheckFunctionExists.c.o
/usr/lib/ccache/cc   -DCHECK_FUNCTION_EXISTS=pthread_create   -o CMakeFiles/cmTC_702d6.dir/CheckFunctionExists.c.o   -c /usr/share/cmake-3.14/Modules/CheckFunctionExists.c
Linking C executable cmTC_702d6
/usr/bin/cmake -E cmake_link_script CMakeFiles/cmTC_702d6.dir/link.txt --verbose=1
/usr/lib/ccache/cc  -DCHECK_FUNCTION_EXISTS=pthread_create    -rdynamic CMakeFiles/cmTC_702d6.dir/CheckFunctionExists.c.o  -o cmTC_702d6 -lpthreads 
/usr/bin/ld: cannot find -lpthreads
collect2: error: ld returned 1 exit status
CMakeFiles/cmTC_702d6.dir/build.make:86: recipe for target 'cmTC_702d6' failed
make[1]: *** [cmTC_702d6] Error 1
make[1]: Leaving directory '/home/kal5-2/rammbo/build/rosinterface_handler/CMakeFiles/CMakeTmp'
Makefile:121: recipe for target 'cmTC_702d6/fast' failed
make: *** [cmTC_702d6/fast] Error 2


