Not searching for unused variables given on the command line.
[36m--[0m The CXX compiler identification is GNU 7.4.0
[36m--[0m Check for working CXX compiler: /usr/lib/ccache/c++
[36m--[0m Check for working CXX compiler: /usr/lib/ccache/c++ -- works
[36m--[0m Detecting CXX compiler ABI info
[36m--[0m Detecting CXX compiler ABI info - done
[36m--[0m Detecting CXX compile features
[36m--[0m Detecting CXX compile features - done
[36m--[0m Performing Test COMPILER_SUPPORTS_CXX11
[36m--[0m Performing Test COMPILER_SUPPORTS_CXX11 - Success
[36m--[0m Performing Test COMPILER_SUPPORTS_CXX0X
[36m--[0m Performing Test COMPILER_SUPPORTS_CXX0X - Success
[31m[1mCMake Error[0m at /home/kal5-2/rammbo/src/kinect2_bridge/CMakeLists.txt:22 (find_package):
  Could not find a package configuration file provided by "freenect2" with
  any of the following names:

    freenect2Config.cmake
    freenect2-config.cmake

  Add the installation prefix of "freenect2" to CMAKE_PREFIX_PATH or set
  "freenect2_DIR" to a directory containing one of the above files.  If
  "freenect2" provides a separate development package or SDK, be sure it has
  been installed.


[36m--[0m Configuring incomplete, errors occurred!
See also "/home/kal5-2/rammbo/build/kinect2_bridge/CMakeFiles/CMakeOutput.log".
