[35m[1mScanning dependencies of target video_recorder[0m
make[2]: Warning: File 'CMakeFiles/video_recorder.dir/depend.make' has modification time 0,0046 s in the future
[  5%] [32mBuilding CXX object CMakeFiles/video_recorder.dir/src/nodes/video_recorder.cpp.o[0m
[35m[1mScanning dependencies of target image_saver[0m
[35m[1mScanning dependencies of target image_view_gencfg[0m
[ 11%] [34m[1mGenerating dynamic reconfigure files from cfg/ImageView.cfg: /home/kal5-2/rammbo/devel/.private/image_view/include/image_view/ImageViewConfig.h /home/kal5-2/rammbo/devel/.private/image_view/lib/python2.7/dist-packages/image_view/cfg/ImageViewConfig.py[0m
make[2]: Warning: File 'CMakeFiles/image_saver.dir/depend.make' has modification time 0,028 s in the future
[ 17%] [32m[1mLinking CXX executable /home/kal5-2/rammbo/devel/.private/image_view/lib/image_view/video_recorder[0m
[ 23%] [32mBuilding CXX object CMakeFiles/image_saver.dir/src/nodes/image_saver.cpp.o[0m
[ 29%] [32m[1mLinking CXX executable /home/kal5-2/rammbo/devel/.private/image_view/lib/image_view/image_saver[0m
[35m[1mScanning dependencies of target disparity_view[0m
make[2]: Warning: File 'CMakeFiles/disparity_view.dir/depend.make' has modification time 0,032 s in the future
Generating reconfiguration files for ImageView in image_view
Wrote header file in /home/kal5-2/rammbo/devel/.private/image_view/include/image_view/ImageViewConfig.h
[ 35%] [32mBuilding CXX object CMakeFiles/disparity_view.dir/src/nodes/disparity_view.cpp.o[0m
[ 35%] Built target image_view_gencfg
[ 41%] [32m[1mLinking CXX executable /home/kal5-2/rammbo/devel/.private/image_view/lib/image_view/disparity_view[0m
make[2]: warning:  Clock skew detected.  Your build may be incomplete.
[ 41%] Built target disparity_view
make[2]: warning:  Clock skew detected.  Your build may be incomplete.
[ 41%] Built target image_saver
make[2]: warning:  Clock skew detected.  Your build may be incomplete.
[ 41%] Built target video_recorder
[35m[1mScanning dependencies of target stereo_view[0m
make[2]: Warning: File 'CMakeFiles/stereo_view.dir/depend.make' has modification time 0,026 s in the future
[ 47%] [32mBuilding CXX object CMakeFiles/stereo_view.dir/src/nodes/stereo_view.cpp.o[0m
[35m[1mScanning dependencies of target image_view[0m
[35m[1mScanning dependencies of target extract_images[0m
make[2]: Warning: File 'CMakeFiles/image_view.dir/depend.make' has modification time 0,024 s in the future
[ 52%] [32mBuilding CXX object CMakeFiles/image_view.dir/src/nodelets/image_nodelet.cpp.o[0m
make[2]: Warning: File 'CMakeFiles/extract_images.dir/depend.make' has modification time 0,031 s in the future
[ 58%] [32mBuilding CXX object CMakeFiles/extract_images.dir/src/nodes/extract_images.cpp.o[0m
[ 64%] [32mBuilding CXX object CMakeFiles/image_view.dir/src/nodelets/disparity_nodelet.cpp.o[0m
[ 70%] [32m[1mLinking CXX executable /home/kal5-2/rammbo/devel/.private/image_view/lib/image_view/extract_images[0m
[ 76%] [32mBuilding CXX object CMakeFiles/image_view.dir/src/nodelets/window_thread.cpp.o[0m
make[2]: warning:  Clock skew detected.  Your build may be incomplete.
[ 76%] Built target extract_images
[35m[1mScanning dependencies of target image_view_exe[0m
make[2]: Warning: File 'CMakeFiles/image_view_exe.dir/depend.make' has modification time 0,037 s in the future
[ 82%] [32mBuilding CXX object CMakeFiles/image_view_exe.dir/src/nodes/image_view.cpp.o[0m
[ 88%] [32m[1mLinking CXX executable /home/kal5-2/rammbo/devel/.private/image_view/lib/image_view/image_view[0m
make[2]: warning:  Clock skew detected.  Your build may be incomplete.
[ 88%] Built target image_view_exe
[ 94%] [32m[1mLinking CXX shared library /home/kal5-2/rammbo/devel/.private/image_view/lib/libimage_view.so[0m
make[2]: warning:  Clock skew detected.  Your build may be incomplete.
[ 94%] Built target image_view
[100%] [32m[1mLinking CXX executable /home/kal5-2/rammbo/devel/.private/image_view/lib/image_view/stereo_view[0m
make[2]: warning:  Clock skew detected.  Your build may be incomplete.
[100%] Built target stereo_view
